Building DAG of jobs...
Using shell: /bin/bash
Provided cores: 1 (use --cores to define parallelism)
Rules claiming more threads will be scaled down.
Job stats:
job              count
-------------  -------
all                  1
collect              1
evaluate_data        2
sim_data             2
total                6

Select jobs to execute...

[Tue Feb 20 17:14:53 2024]
rule sim_data:
    input: results/pooling_N10_I5_len100_peptide12_overlap4_ep_length8_nproteins1.tsv
    output: results/simulation_N10_I5_len100_peptide12_overlap4_ep_length8_nproteins1_muoff20_sigmaoff1_mun0_sigman1_r2_sigmapr3_sigmanr3_lowoffset0.6_error0.tsv
    jobid: 6
    reason: Missing output files: results/simulation_N10_I5_len100_peptide12_overlap4_ep_length8_nproteins1_muoff20_sigmaoff1_mun0_sigman1_r2_sigmapr3_sigmanr3_lowoffset0.6_error0.tsv; Code has changed since last execution
    wildcards: n_pools=10, iters=5, len_lst=100, pep_length=12, overlap=4, ep_length=8, n_proteins=1, mu_off=20, sigma_off=1, mu_n=0, sigma_n=1, r=2, sigma_p_r=3, sigma_n_r=3, low_offset=0.6, error=0
    resources: tmpdir=/var/folders/bb/6j1bt4dj4x15t9jtm7vlh6gh0000gp/T

[Tue Feb 20 17:18:32 2024]
Finished job 6.
1 of 6 steps (17%) done
Select jobs to execute...

[Tue Feb 20 17:18:32 2024]
rule evaluate_data:
    input: results/pooling_N10_I5_len100_peptide12_overlap4_ep_length8_nproteins1.tsv, results/simulation_N10_I5_len100_peptide12_overlap4_ep_length8_nproteins1_muoff20_sigmaoff1_mun0_sigman1_r2_sigmapr3_sigmanr3_lowoffset0.6_error0.tsv
    output: results/conclusion_N10_I5_len100_peptide12_overlap4_ep_length8_nproteins1_muoff20_sigmaoff1_mun0_sigman1_r2_sigmapr3_sigmanr3_lowoffset0.6_error0.tsv
    jobid: 4
    reason: Missing output files: results/conclusion_N10_I5_len100_peptide12_overlap4_ep_length8_nproteins1_muoff20_sigmaoff1_mun0_sigman1_r2_sigmapr3_sigmanr3_lowoffset0.6_error0.tsv; Input files updated by another job: results/simulation_N10_I5_len100_peptide12_overlap4_ep_length8_nproteins1_muoff20_sigmaoff1_mun0_sigman1_r2_sigmapr3_sigmanr3_lowoffset0.6_error0.tsv
    wildcards: n_pools=10, iters=5, len_lst=100, pep_length=12, overlap=4, ep_length=8, n_proteins=1, mu_off=20, sigma_off=1, mu_n=0, sigma_n=1, r=2, sigma_p_r=3, sigma_n_r=3, low_offset=0.6, error=0
    resources: tmpdir=/var/folders/bb/6j1bt4dj4x15t9jtm7vlh6gh0000gp/T

[Tue Feb 20 17:21:55 2024]
Finished job 4.
2 of 6 steps (33%) done
Select jobs to execute...

[Tue Feb 20 17:21:55 2024]
rule sim_data:
    input: results/pooling_N10_I4_len100_peptide12_overlap4_ep_length8_nproteins1.tsv
    output: results/simulation_N10_I4_len100_peptide12_overlap4_ep_length8_nproteins1_muoff20_sigmaoff1_mun0_sigman1_r2_sigmapr3_sigmanr3_lowoffset0.6_error0.tsv
    jobid: 3
    reason: Missing output files: results/simulation_N10_I4_len100_peptide12_overlap4_ep_length8_nproteins1_muoff20_sigmaoff1_mun0_sigman1_r2_sigmapr3_sigmanr3_lowoffset0.6_error0.tsv; Code has changed since last execution
    wildcards: n_pools=10, iters=4, len_lst=100, pep_length=12, overlap=4, ep_length=8, n_proteins=1, mu_off=20, sigma_off=1, mu_n=0, sigma_n=1, r=2, sigma_p_r=3, sigma_n_r=3, low_offset=0.6, error=0
    resources: tmpdir=/var/folders/bb/6j1bt4dj4x15t9jtm7vlh6gh0000gp/T

[Tue Feb 20 17:25:21 2024]
Finished job 3.
3 of 6 steps (50%) done
Select jobs to execute...

[Tue Feb 20 17:25:21 2024]
rule evaluate_data:
    input: results/pooling_N10_I4_len100_peptide12_overlap4_ep_length8_nproteins1.tsv, results/simulation_N10_I4_len100_peptide12_overlap4_ep_length8_nproteins1_muoff20_sigmaoff1_mun0_sigman1_r2_sigmapr3_sigmanr3_lowoffset0.6_error0.tsv
    output: results/conclusion_N10_I4_len100_peptide12_overlap4_ep_length8_nproteins1_muoff20_sigmaoff1_mun0_sigman1_r2_sigmapr3_sigmanr3_lowoffset0.6_error0.tsv
    jobid: 1
    reason: Missing output files: results/conclusion_N10_I4_len100_peptide12_overlap4_ep_length8_nproteins1_muoff20_sigmaoff1_mun0_sigman1_r2_sigmapr3_sigmanr3_lowoffset0.6_error0.tsv; Input files updated by another job: results/simulation_N10_I4_len100_peptide12_overlap4_ep_length8_nproteins1_muoff20_sigmaoff1_mun0_sigman1_r2_sigmapr3_sigmanr3_lowoffset0.6_error0.tsv
    wildcards: n_pools=10, iters=4, len_lst=100, pep_length=12, overlap=4, ep_length=8, n_proteins=1, mu_off=20, sigma_off=1, mu_n=0, sigma_n=1, r=2, sigma_p_r=3, sigma_n_r=3, low_offset=0.6, error=0
    resources: tmpdir=/var/folders/bb/6j1bt4dj4x15t9jtm7vlh6gh0000gp/T

[Tue Feb 20 17:28:47 2024]
Finished job 1.
4 of 6 steps (67%) done
Select jobs to execute...

[Tue Feb 20 17:28:47 2024]
rule collect:
    input: results/conclusion_N10_I4_len100_peptide12_overlap4_ep_length8_nproteins1_muoff20_sigmaoff1_mun0_sigman1_r2_sigmapr3_sigmanr3_lowoffset0.6_error0.tsv, results/conclusion_N10_I5_len100_peptide12_overlap4_ep_length8_nproteins1_muoff20_sigmaoff1_mun0_sigman1_r2_sigmapr3_sigmanr3_lowoffset0.6_error0.tsv
    output: results/summary_results.tsv
    jobid: 7
    reason: Input files updated by another job: results/conclusion_N10_I5_len100_peptide12_overlap4_ep_length8_nproteins1_muoff20_sigmaoff1_mun0_sigman1_r2_sigmapr3_sigmanr3_lowoffset0.6_error0.tsv, results/conclusion_N10_I4_len100_peptide12_overlap4_ep_length8_nproteins1_muoff20_sigmaoff1_mun0_sigman1_r2_sigmapr3_sigmanr3_lowoffset0.6_error0.tsv
    resources: tmpdir=/var/folders/bb/6j1bt4dj4x15t9jtm7vlh6gh0000gp/T

[Tue Feb 20 17:28:48 2024]
Finished job 7.
5 of 6 steps (83%) done
Select jobs to execute...

[Tue Feb 20 17:28:48 2024]
localrule all:
    input: results/conclusion_N10_I4_len100_peptide12_overlap4_ep_length8_nproteins1_muoff20_sigmaoff1_mun0_sigman1_r2_sigmapr3_sigmanr3_lowoffset0.6_error0.tsv, results/conclusion_N10_I5_len100_peptide12_overlap4_ep_length8_nproteins1_muoff20_sigmaoff1_mun0_sigman1_r2_sigmapr3_sigmanr3_lowoffset0.6_error0.tsv, results/summary_results.tsv
    jobid: 0
    reason: Input files updated by another job: results/conclusion_N10_I5_len100_peptide12_overlap4_ep_length8_nproteins1_muoff20_sigmaoff1_mun0_sigman1_r2_sigmapr3_sigmanr3_lowoffset0.6_error0.tsv, results/conclusion_N10_I4_len100_peptide12_overlap4_ep_length8_nproteins1_muoff20_sigmaoff1_mun0_sigman1_r2_sigmapr3_sigmanr3_lowoffset0.6_error0.tsv, results/summary_results.tsv
    resources: tmpdir=/var/folders/bb/6j1bt4dj4x15t9jtm7vlh6gh0000gp/T

[Tue Feb 20 17:28:48 2024]
Finished job 0.
6 of 6 steps (100%) done
Complete log: .snakemake/log/2024-02-20T171447.602940.snakemake.log
