Building DAG of jobs...
Using shell: /bin/bash
Provided cores: 4
Rules claiming more threads will be scaled down.
Job stats:
job               count
--------------  -------
all                   1
collect               1
evaluate_data         5
pooling_scheme        5
sim_data              5
total                17

Select jobs to execute...

[Tue Jan 23 11:58:19 2024]
rule pooling_scheme:
    output: results/pooling_N12_I8_len200_peptide17_overlap5_ep_length8_nproteins3.tsv
    jobid: 14
    reason: Missing output files: results/pooling_N12_I8_len200_peptide17_overlap5_ep_length8_nproteins3.tsv
    wildcards: n_pools=12, iters=8, len_lst=200, pep_length=17, overlap=5, ep_length=8, n_proteins=3
    resources: tmpdir=/var/folders/bb/6j1bt4dj4x15t9jtm7vlh6gh0000gp/T


[Tue Jan 23 11:58:19 2024]
rule pooling_scheme:
    output: results/pooling_N12_I6_len200_peptide17_overlap5_ep_length8_nproteins3.tsv
    jobid: 8
    reason: Missing output files: results/pooling_N12_I6_len200_peptide17_overlap5_ep_length8_nproteins3.tsv
    wildcards: n_pools=12, iters=6, len_lst=200, pep_length=17, overlap=5, ep_length=8, n_proteins=3
    resources: tmpdir=/var/folders/bb/6j1bt4dj4x15t9jtm7vlh6gh0000gp/T


[Tue Jan 23 11:58:19 2024]
rule pooling_scheme:
    output: results/pooling_N12_I4_len200_peptide17_overlap5_ep_length8_nproteins3.tsv
    jobid: 2
    reason: Missing output files: results/pooling_N12_I4_len200_peptide17_overlap5_ep_length8_nproteins3.tsv
    wildcards: n_pools=12, iters=4, len_lst=200, pep_length=17, overlap=5, ep_length=8, n_proteins=3
    resources: tmpdir=/var/folders/bb/6j1bt4dj4x15t9jtm7vlh6gh0000gp/T


[Tue Jan 23 11:58:19 2024]
rule pooling_scheme:
    output: results/pooling_N12_I5_len200_peptide17_overlap5_ep_length8_nproteins3.tsv
    jobid: 5
    reason: Missing output files: results/pooling_N12_I5_len200_peptide17_overlap5_ep_length8_nproteins3.tsv
    wildcards: n_pools=12, iters=5, len_lst=200, pep_length=17, overlap=5, ep_length=8, n_proteins=3
    resources: tmpdir=/var/folders/bb/6j1bt4dj4x15t9jtm7vlh6gh0000gp/T

[Tue Jan 23 11:58:29 2024]
Finished job 2.
1 of 17 steps (6%) done
Select jobs to execute...

[Tue Jan 23 11:58:29 2024]
rule sim_data:
    input: results/pooling_N12_I4_len200_peptide17_overlap5_ep_length8_nproteins3.tsv
    output: results/simulation_N12_I4_len200_peptide17_overlap5_ep_length8_nproteins3_muoff10_sigmaoff1.0_mun5_sigman1.0_r3_sigmapr0.1_sigmanr1_lowoffset0.6_error1.tsv
    jobid: 3
    reason: Missing output files: results/simulation_N12_I4_len200_peptide17_overlap5_ep_length8_nproteins3_muoff10_sigmaoff1.0_mun5_sigman1.0_r3_sigmapr0.1_sigmanr1_lowoffset0.6_error1.tsv; Input files updated by another job: results/pooling_N12_I4_len200_peptide17_overlap5_ep_length8_nproteins3.tsv
    wildcards: n_pools=12, iters=4, len_lst=200, pep_length=17, overlap=5, ep_length=8, n_proteins=3, mu_off=10, sigma_off=1.0, mu_n=5, sigma_n=1.0, r=3, sigma_p_r=0.1, sigma_n_r=1, low_offset=0.6, error=1
    resources: tmpdir=/var/folders/bb/6j1bt4dj4x15t9jtm7vlh6gh0000gp/T

[Tue Jan 23 11:58:29 2024]
Finished job 5.
2 of 17 steps (12%) done
Select jobs to execute...

[Tue Jan 23 11:58:29 2024]
rule sim_data:
    input: results/pooling_N12_I5_len200_peptide17_overlap5_ep_length8_nproteins3.tsv
    output: results/simulation_N12_I5_len200_peptide17_overlap5_ep_length8_nproteins3_muoff10_sigmaoff1.0_mun5_sigman1.0_r3_sigmapr0.1_sigmanr1_lowoffset0.6_error1.tsv
    jobid: 6
    reason: Missing output files: results/simulation_N12_I5_len200_peptide17_overlap5_ep_length8_nproteins3_muoff10_sigmaoff1.0_mun5_sigman1.0_r3_sigmapr0.1_sigmanr1_lowoffset0.6_error1.tsv; Input files updated by another job: results/pooling_N12_I5_len200_peptide17_overlap5_ep_length8_nproteins3.tsv
    wildcards: n_pools=12, iters=5, len_lst=200, pep_length=17, overlap=5, ep_length=8, n_proteins=3, mu_off=10, sigma_off=1.0, mu_n=5, sigma_n=1.0, r=3, sigma_p_r=0.1, sigma_n_r=1, low_offset=0.6, error=1
    resources: tmpdir=/var/folders/bb/6j1bt4dj4x15t9jtm7vlh6gh0000gp/T

[Tue Jan 23 11:58:29 2024]
Finished job 8.
3 of 17 steps (18%) done
Select jobs to execute...

[Tue Jan 23 11:58:29 2024]
rule sim_data:
    input: results/pooling_N12_I6_len200_peptide17_overlap5_ep_length8_nproteins3.tsv
    output: results/simulation_N12_I6_len200_peptide17_overlap5_ep_length8_nproteins3_muoff10_sigmaoff1.0_mun5_sigman1.0_r3_sigmapr0.1_sigmanr1_lowoffset0.6_error1.tsv
    jobid: 9
    reason: Missing output files: results/simulation_N12_I6_len200_peptide17_overlap5_ep_length8_nproteins3_muoff10_sigmaoff1.0_mun5_sigman1.0_r3_sigmapr0.1_sigmanr1_lowoffset0.6_error1.tsv; Input files updated by another job: results/pooling_N12_I6_len200_peptide17_overlap5_ep_length8_nproteins3.tsv
    wildcards: n_pools=12, iters=6, len_lst=200, pep_length=17, overlap=5, ep_length=8, n_proteins=3, mu_off=10, sigma_off=1.0, mu_n=5, sigma_n=1.0, r=3, sigma_p_r=0.1, sigma_n_r=1, low_offset=0.6, error=1
    resources: tmpdir=/var/folders/bb/6j1bt4dj4x15t9jtm7vlh6gh0000gp/T

[Tue Jan 23 11:58:29 2024]
Finished job 14.
4 of 17 steps (24%) done
Select jobs to execute...

[Tue Jan 23 11:58:29 2024]
rule sim_data:
    input: results/pooling_N12_I8_len200_peptide17_overlap5_ep_length8_nproteins3.tsv
    output: results/simulation_N12_I8_len200_peptide17_overlap5_ep_length8_nproteins3_muoff10_sigmaoff1.0_mun5_sigman1.0_r3_sigmapr0.1_sigmanr1_lowoffset0.6_error1.tsv
    jobid: 15
    reason: Missing output files: results/simulation_N12_I8_len200_peptide17_overlap5_ep_length8_nproteins3_muoff10_sigmaoff1.0_mun5_sigman1.0_r3_sigmapr0.1_sigmanr1_lowoffset0.6_error1.tsv; Input files updated by another job: results/pooling_N12_I8_len200_peptide17_overlap5_ep_length8_nproteins3.tsv
    wildcards: n_pools=12, iters=8, len_lst=200, pep_length=17, overlap=5, ep_length=8, n_proteins=3, mu_off=10, sigma_off=1.0, mu_n=5, sigma_n=1.0, r=3, sigma_p_r=0.1, sigma_n_r=1, low_offset=0.6, error=1
    resources: tmpdir=/var/folders/bb/6j1bt4dj4x15t9jtm7vlh6gh0000gp/T

[Tue Jan 23 12:00:16 2024]
Finished job 3.
5 of 17 steps (29%) done
Select jobs to execute...

[Tue Jan 23 12:00:16 2024]
rule evaluate_data:
    input: results/pooling_N12_I4_len200_peptide17_overlap5_ep_length8_nproteins3.tsv, results/simulation_N12_I4_len200_peptide17_overlap5_ep_length8_nproteins3_muoff10_sigmaoff1.0_mun5_sigman1.0_r3_sigmapr0.1_sigmanr1_lowoffset0.6_error1.tsv
    output: results/conclusion_N12_I4_len200_peptide17_overlap5_ep_length8_nproteins3_muoff10_sigmaoff1.0_mun5_sigman1.0_r3_sigmapr0.1_sigmanr1_lowoffset0.6_error1.tsv
    jobid: 1
    reason: Missing output files: results/conclusion_N12_I4_len200_peptide17_overlap5_ep_length8_nproteins3_muoff10_sigmaoff1.0_mun5_sigman1.0_r3_sigmapr0.1_sigmanr1_lowoffset0.6_error1.tsv; Input files updated by another job: results/simulation_N12_I4_len200_peptide17_overlap5_ep_length8_nproteins3_muoff10_sigmaoff1.0_mun5_sigman1.0_r3_sigmapr0.1_sigmanr1_lowoffset0.6_error1.tsv, results/pooling_N12_I4_len200_peptide17_overlap5_ep_length8_nproteins3.tsv
    wildcards: n_pools=12, iters=4, len_lst=200, pep_length=17, overlap=5, ep_length=8, n_proteins=3, mu_off=10, sigma_off=1.0, mu_n=5, sigma_n=1.0, r=3, sigma_p_r=0.1, sigma_n_r=1, low_offset=0.6, error=1
    resources: tmpdir=/var/folders/bb/6j1bt4dj4x15t9jtm7vlh6gh0000gp/T

[Tue Jan 23 12:00:28 2024]
Finished job 6.
6 of 17 steps (35%) done
Select jobs to execute...

[Tue Jan 23 12:00:28 2024]
rule evaluate_data:
    input: results/pooling_N12_I5_len200_peptide17_overlap5_ep_length8_nproteins3.tsv, results/simulation_N12_I5_len200_peptide17_overlap5_ep_length8_nproteins3_muoff10_sigmaoff1.0_mun5_sigman1.0_r3_sigmapr0.1_sigmanr1_lowoffset0.6_error1.tsv
    output: results/conclusion_N12_I5_len200_peptide17_overlap5_ep_length8_nproteins3_muoff10_sigmaoff1.0_mun5_sigman1.0_r3_sigmapr0.1_sigmanr1_lowoffset0.6_error1.tsv
    jobid: 4
    reason: Missing output files: results/conclusion_N12_I5_len200_peptide17_overlap5_ep_length8_nproteins3_muoff10_sigmaoff1.0_mun5_sigman1.0_r3_sigmapr0.1_sigmanr1_lowoffset0.6_error1.tsv; Input files updated by another job: results/simulation_N12_I5_len200_peptide17_overlap5_ep_length8_nproteins3_muoff10_sigmaoff1.0_mun5_sigman1.0_r3_sigmapr0.1_sigmanr1_lowoffset0.6_error1.tsv, results/pooling_N12_I5_len200_peptide17_overlap5_ep_length8_nproteins3.tsv
    wildcards: n_pools=12, iters=5, len_lst=200, pep_length=17, overlap=5, ep_length=8, n_proteins=3, mu_off=10, sigma_off=1.0, mu_n=5, sigma_n=1.0, r=3, sigma_p_r=0.1, sigma_n_r=1, low_offset=0.6, error=1
    resources: tmpdir=/var/folders/bb/6j1bt4dj4x15t9jtm7vlh6gh0000gp/T

[Tue Jan 23 12:00:31 2024]
Finished job 9.
7 of 17 steps (41%) done
Select jobs to execute...

[Tue Jan 23 12:00:31 2024]
rule evaluate_data:
    input: results/pooling_N12_I6_len200_peptide17_overlap5_ep_length8_nproteins3.tsv, results/simulation_N12_I6_len200_peptide17_overlap5_ep_length8_nproteins3_muoff10_sigmaoff1.0_mun5_sigman1.0_r3_sigmapr0.1_sigmanr1_lowoffset0.6_error1.tsv
    output: results/conclusion_N12_I6_len200_peptide17_overlap5_ep_length8_nproteins3_muoff10_sigmaoff1.0_mun5_sigman1.0_r3_sigmapr0.1_sigmanr1_lowoffset0.6_error1.tsv
    jobid: 7
    reason: Missing output files: results/conclusion_N12_I6_len200_peptide17_overlap5_ep_length8_nproteins3_muoff10_sigmaoff1.0_mun5_sigman1.0_r3_sigmapr0.1_sigmanr1_lowoffset0.6_error1.tsv; Input files updated by another job: results/simulation_N12_I6_len200_peptide17_overlap5_ep_length8_nproteins3_muoff10_sigmaoff1.0_mun5_sigman1.0_r3_sigmapr0.1_sigmanr1_lowoffset0.6_error1.tsv, results/pooling_N12_I6_len200_peptide17_overlap5_ep_length8_nproteins3.tsv
    wildcards: n_pools=12, iters=6, len_lst=200, pep_length=17, overlap=5, ep_length=8, n_proteins=3, mu_off=10, sigma_off=1.0, mu_n=5, sigma_n=1.0, r=3, sigma_p_r=0.1, sigma_n_r=1, low_offset=0.6, error=1
    resources: tmpdir=/var/folders/bb/6j1bt4dj4x15t9jtm7vlh6gh0000gp/T

[Tue Jan 23 12:00:33 2024]
Finished job 15.
8 of 17 steps (47%) done
Select jobs to execute...

[Tue Jan 23 12:00:33 2024]
rule evaluate_data:
    input: results/pooling_N12_I8_len200_peptide17_overlap5_ep_length8_nproteins3.tsv, results/simulation_N12_I8_len200_peptide17_overlap5_ep_length8_nproteins3_muoff10_sigmaoff1.0_mun5_sigman1.0_r3_sigmapr0.1_sigmanr1_lowoffset0.6_error1.tsv
    output: results/conclusion_N12_I8_len200_peptide17_overlap5_ep_length8_nproteins3_muoff10_sigmaoff1.0_mun5_sigman1.0_r3_sigmapr0.1_sigmanr1_lowoffset0.6_error1.tsv
    jobid: 13
    reason: Missing output files: results/conclusion_N12_I8_len200_peptide17_overlap5_ep_length8_nproteins3_muoff10_sigmaoff1.0_mun5_sigman1.0_r3_sigmapr0.1_sigmanr1_lowoffset0.6_error1.tsv; Input files updated by another job: results/pooling_N12_I8_len200_peptide17_overlap5_ep_length8_nproteins3.tsv, results/simulation_N12_I8_len200_peptide17_overlap5_ep_length8_nproteins3_muoff10_sigmaoff1.0_mun5_sigman1.0_r3_sigmapr0.1_sigmanr1_lowoffset0.6_error1.tsv
    wildcards: n_pools=12, iters=8, len_lst=200, pep_length=17, overlap=5, ep_length=8, n_proteins=3, mu_off=10, sigma_off=1.0, mu_n=5, sigma_n=1.0, r=3, sigma_p_r=0.1, sigma_n_r=1, low_offset=0.6, error=1
    resources: tmpdir=/var/folders/bb/6j1bt4dj4x15t9jtm7vlh6gh0000gp/T

[Tue Jan 23 12:00:46 2024]
Finished job 1.
9 of 17 steps (53%) done
Select jobs to execute...

[Tue Jan 23 12:00:46 2024]
rule pooling_scheme:
    output: results/pooling_N12_I7_len200_peptide17_overlap5_ep_length8_nproteins3.tsv
    jobid: 11
    reason: Missing output files: results/pooling_N12_I7_len200_peptide17_overlap5_ep_length8_nproteins3.tsv
    wildcards: n_pools=12, iters=7, len_lst=200, pep_length=17, overlap=5, ep_length=8, n_proteins=3
    resources: tmpdir=/var/folders/bb/6j1bt4dj4x15t9jtm7vlh6gh0000gp/T

[Tue Jan 23 12:00:55 2024]
Finished job 11.
10 of 17 steps (59%) done
Select jobs to execute...

[Tue Jan 23 12:00:55 2024]
rule sim_data:
    input: results/pooling_N12_I7_len200_peptide17_overlap5_ep_length8_nproteins3.tsv
    output: results/simulation_N12_I7_len200_peptide17_overlap5_ep_length8_nproteins3_muoff10_sigmaoff1.0_mun5_sigman1.0_r3_sigmapr0.1_sigmanr1_lowoffset0.6_error1.tsv
    jobid: 12
    reason: Missing output files: results/simulation_N12_I7_len200_peptide17_overlap5_ep_length8_nproteins3_muoff10_sigmaoff1.0_mun5_sigman1.0_r3_sigmapr0.1_sigmanr1_lowoffset0.6_error1.tsv; Input files updated by another job: results/pooling_N12_I7_len200_peptide17_overlap5_ep_length8_nproteins3.tsv
    wildcards: n_pools=12, iters=7, len_lst=200, pep_length=17, overlap=5, ep_length=8, n_proteins=3, mu_off=10, sigma_off=1.0, mu_n=5, sigma_n=1.0, r=3, sigma_p_r=0.1, sigma_n_r=1, low_offset=0.6, error=1
    resources: tmpdir=/var/folders/bb/6j1bt4dj4x15t9jtm7vlh6gh0000gp/T

[Tue Jan 23 12:00:58 2024]
Finished job 4.
11 of 17 steps (65%) done
[Tue Jan 23 12:01:04 2024]
Finished job 7.
12 of 17 steps (71%) done
[Tue Jan 23 12:01:05 2024]
Finished job 13.
13 of 17 steps (76%) done
[Tue Jan 23 12:02:50 2024]
Finished job 12.
14 of 17 steps (82%) done
Select jobs to execute...

[Tue Jan 23 12:02:50 2024]
rule evaluate_data:
    input: results/pooling_N12_I7_len200_peptide17_overlap5_ep_length8_nproteins3.tsv, results/simulation_N12_I7_len200_peptide17_overlap5_ep_length8_nproteins3_muoff10_sigmaoff1.0_mun5_sigman1.0_r3_sigmapr0.1_sigmanr1_lowoffset0.6_error1.tsv
    output: results/conclusion_N12_I7_len200_peptide17_overlap5_ep_length8_nproteins3_muoff10_sigmaoff1.0_mun5_sigman1.0_r3_sigmapr0.1_sigmanr1_lowoffset0.6_error1.tsv
    jobid: 10
    reason: Missing output files: results/conclusion_N12_I7_len200_peptide17_overlap5_ep_length8_nproteins3_muoff10_sigmaoff1.0_mun5_sigman1.0_r3_sigmapr0.1_sigmanr1_lowoffset0.6_error1.tsv; Input files updated by another job: results/pooling_N12_I7_len200_peptide17_overlap5_ep_length8_nproteins3.tsv, results/simulation_N12_I7_len200_peptide17_overlap5_ep_length8_nproteins3_muoff10_sigmaoff1.0_mun5_sigman1.0_r3_sigmapr0.1_sigmanr1_lowoffset0.6_error1.tsv
    wildcards: n_pools=12, iters=7, len_lst=200, pep_length=17, overlap=5, ep_length=8, n_proteins=3, mu_off=10, sigma_off=1.0, mu_n=5, sigma_n=1.0, r=3, sigma_p_r=0.1, sigma_n_r=1, low_offset=0.6, error=1
    resources: tmpdir=/var/folders/bb/6j1bt4dj4x15t9jtm7vlh6gh0000gp/T

[Tue Jan 23 12:03:16 2024]
Finished job 10.
15 of 17 steps (88%) done
Select jobs to execute...

[Tue Jan 23 12:03:16 2024]
rule collect:
    input: results/conclusion_N12_I4_len200_peptide17_overlap5_ep_length8_nproteins3_muoff10_sigmaoff1.0_mun5_sigman1.0_r3_sigmapr0.1_sigmanr1_lowoffset0.6_error1.tsv, results/conclusion_N12_I5_len200_peptide17_overlap5_ep_length8_nproteins3_muoff10_sigmaoff1.0_mun5_sigman1.0_r3_sigmapr0.1_sigmanr1_lowoffset0.6_error1.tsv, results/conclusion_N12_I6_len200_peptide17_overlap5_ep_length8_nproteins3_muoff10_sigmaoff1.0_mun5_sigman1.0_r3_sigmapr0.1_sigmanr1_lowoffset0.6_error1.tsv, results/conclusion_N12_I7_len200_peptide17_overlap5_ep_length8_nproteins3_muoff10_sigmaoff1.0_mun5_sigman1.0_r3_sigmapr0.1_sigmanr1_lowoffset0.6_error1.tsv, results/conclusion_N12_I8_len200_peptide17_overlap5_ep_length8_nproteins3_muoff10_sigmaoff1.0_mun5_sigman1.0_r3_sigmapr0.1_sigmanr1_lowoffset0.6_error1.tsv
    output: results/summary_results.tsv
    jobid: 16
    reason: Missing output files: results/summary_results.tsv; Input files updated by another job: results/conclusion_N12_I5_len200_peptide17_overlap5_ep_length8_nproteins3_muoff10_sigmaoff1.0_mun5_sigman1.0_r3_sigmapr0.1_sigmanr1_lowoffset0.6_error1.tsv, results/conclusion_N12_I6_len200_peptide17_overlap5_ep_length8_nproteins3_muoff10_sigmaoff1.0_mun5_sigman1.0_r3_sigmapr0.1_sigmanr1_lowoffset0.6_error1.tsv, results/conclusion_N12_I8_len200_peptide17_overlap5_ep_length8_nproteins3_muoff10_sigmaoff1.0_mun5_sigman1.0_r3_sigmapr0.1_sigmanr1_lowoffset0.6_error1.tsv, results/conclusion_N12_I7_len200_peptide17_overlap5_ep_length8_nproteins3_muoff10_sigmaoff1.0_mun5_sigman1.0_r3_sigmapr0.1_sigmanr1_lowoffset0.6_error1.tsv, results/conclusion_N12_I4_len200_peptide17_overlap5_ep_length8_nproteins3_muoff10_sigmaoff1.0_mun5_sigman1.0_r3_sigmapr0.1_sigmanr1_lowoffset0.6_error1.tsv; Set of input files has changed since last execution
    resources: tmpdir=/var/folders/bb/6j1bt4dj4x15t9jtm7vlh6gh0000gp/T

[Tue Jan 23 12:03:17 2024]
Finished job 16.
16 of 17 steps (94%) done
Select jobs to execute...

[Tue Jan 23 12:03:17 2024]
localrule all:
    input: results/conclusion_N12_I4_len200_peptide17_overlap5_ep_length8_nproteins3_muoff10_sigmaoff1.0_mun5_sigman1.0_r3_sigmapr0.1_sigmanr1_lowoffset0.6_error1.tsv, results/conclusion_N12_I5_len200_peptide17_overlap5_ep_length8_nproteins3_muoff10_sigmaoff1.0_mun5_sigman1.0_r3_sigmapr0.1_sigmanr1_lowoffset0.6_error1.tsv, results/conclusion_N12_I6_len200_peptide17_overlap5_ep_length8_nproteins3_muoff10_sigmaoff1.0_mun5_sigman1.0_r3_sigmapr0.1_sigmanr1_lowoffset0.6_error1.tsv, results/conclusion_N12_I7_len200_peptide17_overlap5_ep_length8_nproteins3_muoff10_sigmaoff1.0_mun5_sigman1.0_r3_sigmapr0.1_sigmanr1_lowoffset0.6_error1.tsv, results/conclusion_N12_I8_len200_peptide17_overlap5_ep_length8_nproteins3_muoff10_sigmaoff1.0_mun5_sigman1.0_r3_sigmapr0.1_sigmanr1_lowoffset0.6_error1.tsv, results/summary_results.tsv
    jobid: 0
    reason: Input files updated by another job: results/conclusion_N12_I5_len200_peptide17_overlap5_ep_length8_nproteins3_muoff10_sigmaoff1.0_mun5_sigman1.0_r3_sigmapr0.1_sigmanr1_lowoffset0.6_error1.tsv, results/conclusion_N12_I6_len200_peptide17_overlap5_ep_length8_nproteins3_muoff10_sigmaoff1.0_mun5_sigman1.0_r3_sigmapr0.1_sigmanr1_lowoffset0.6_error1.tsv, results/conclusion_N12_I8_len200_peptide17_overlap5_ep_length8_nproteins3_muoff10_sigmaoff1.0_mun5_sigman1.0_r3_sigmapr0.1_sigmanr1_lowoffset0.6_error1.tsv, results/summary_results.tsv, results/conclusion_N12_I7_len200_peptide17_overlap5_ep_length8_nproteins3_muoff10_sigmaoff1.0_mun5_sigman1.0_r3_sigmapr0.1_sigmanr1_lowoffset0.6_error1.tsv, results/conclusion_N12_I4_len200_peptide17_overlap5_ep_length8_nproteins3_muoff10_sigmaoff1.0_mun5_sigman1.0_r3_sigmapr0.1_sigmanr1_lowoffset0.6_error1.tsv
    resources: tmpdir=/var/folders/bb/6j1bt4dj4x15t9jtm7vlh6gh0000gp/T

[Tue Jan 23 12:03:17 2024]
Finished job 0.
17 of 17 steps (100%) done
Complete log: .snakemake/log/2024-01-23T115813.541733.snakemake.log
