Building DAG of jobs...
Using shell: /bin/bash
Provided cores: 1 (use --cores to define parallelism)
Rules claiming more threads will be scaled down.
Job stats:
job              count
-------------  -------
all                  1
collect              1
evaluate_data        4
total                6

Select jobs to execute...

[Thu Nov 28 17:36:58 2024]
rule evaluate_data:
    input: results/pooling_N10_I5_len100_peptide14_overlap4_ep_length8_nproteins1.tsv, results/simulation_N10_I5_len100_peptide14_overlap4_ep_length8_nproteins1_muoff30_sigmaoff1_mun0_sigman1_r1_sigmapr1_sigmanr1_lowoffset0.2_error0.tsv, results/simparams_N10_I5_len100_peptide14_overlap4_ep_length8_nproteins1_muoff30_sigmaoff1_mun0_sigman1_r1_sigmapr1_sigmanr1_lowoffset0.2_error0.tsv
    output: results/conclusion_N10_I5_len100_peptide14_overlap4_ep_length8_nproteins1_muoff30_sigmaoff1_mun0_sigman1_r1_sigmapr1_sigmanr1_lowoffset0.2_error0.tsv
    jobid: 4
    reason: Missing output files: results/conclusion_N10_I5_len100_peptide14_overlap4_ep_length8_nproteins1_muoff30_sigmaoff1_mun0_sigman1_r1_sigmapr1_sigmanr1_lowoffset0.2_error0.tsv
    wildcards: n_pools=10, iters=5, len_lst=100, pep_length=14, overlap=4, ep_length=8, n_proteins=1, mu_off=30, sigma_off=1, mu_n=0, sigma_n=1, r=1, sigma_p_r=1, sigma_n_r=1, low_offset=0.2, error=0
    resources: tmpdir=/var/folders/bb/6j1bt4dj4x15t9jtm7vlh6gh0000gp/T

Terminating processes on user request, this might take some time.
[Thu Nov 28 17:37:11 2024]
Error in rule evaluate_data:
    jobid: 4
    input: results/pooling_N10_I5_len100_peptide14_overlap4_ep_length8_nproteins1.tsv, results/simulation_N10_I5_len100_peptide14_overlap4_ep_length8_nproteins1_muoff30_sigmaoff1_mun0_sigman1_r1_sigmapr1_sigmanr1_lowoffset0.2_error0.tsv, results/simparams_N10_I5_len100_peptide14_overlap4_ep_length8_nproteins1_muoff30_sigmaoff1_mun0_sigman1_r1_sigmapr1_sigmanr1_lowoffset0.2_error0.tsv
    output: results/conclusion_N10_I5_len100_peptide14_overlap4_ep_length8_nproteins1_muoff30_sigmaoff1_mun0_sigman1_r1_sigmapr1_sigmanr1_lowoffset0.2_error0.tsv
    shell:
        
		export PYTENSOR_FLAGS="compiledir=$HOME/.pytensor/compiledir_ev_10_5_100_14_4_8_1_30_1_0_1_1_1_1_0.2_0"
		python scripts/evaluate_data.py 			-scheme results/pooling_N10_I5_len100_peptide14_overlap4_ep_length8_nproteins1.tsv 			-data results/simulation_N10_I5_len100_peptide14_overlap4_ep_length8_nproteins1_muoff30_sigmaoff1_mun0_sigman1_r1_sigmapr1_sigmanr1_lowoffset0.2_error0.tsv 			-sim_params results/simparams_N10_I5_len100_peptide14_overlap4_ep_length8_nproteins1_muoff30_sigmaoff1_mun0_sigman1_r1_sigmapr1_sigmanr1_lowoffset0.2_error0.tsv 			-output results/conclusion_N10_I5_len100_peptide14_overlap4_ep_length8_nproteins1_muoff30_sigmaoff1_mun0_sigman1_r1_sigmapr1_sigmanr1_lowoffset0.2_error0.tsv 			-n_pools 10 			-iters 5 			-len_lst 100 			-pep_length 14 			-overlap 4 			-ep_length 8 			-n_proteins 1 			-mu_off 30 			-sigma_off 1 			-mu_n 0 			-sigma_n 1 			-r 1 			-sigma_p_r 1 			-sigma_n_r 1 			-low_offset 0.2 			-error 0
		rm -rf "$HOME/.pytensor/compiledir_ev_10_5_100_14_4_8_1_30_1_0_1_1_1_1_0.2_0"
		
        (one of the commands exited with non-zero exit code; note that snakemake uses bash strict mode!)

Complete log: .snakemake/log/2024-11-28T173646.793810.snakemake.log
