Building DAG of jobs...
Using shell: /bin/bash
Provided cores: 4
Rules claiming more threads will be scaled down.
Job stats:
job              count
-------------  -------
all                  1
collect              1
evaluate_data        5
total                7

Select jobs to execute...

[Tue Jan 23 12:10:37 2024]
rule evaluate_data:
    input: results/pooling_N12_I6_len200_peptide17_overlap5_ep_length8_nproteins3.tsv, results/simulation_N12_I6_len200_peptide17_overlap5_ep_length8_nproteins3_muoff10_sigmaoff1.0_mun5_sigman1.0_r3_sigmapr0.1_sigmanr1_lowoffset0.6_error1.tsv
    output: results/conclusion_N12_I6_len200_peptide17_overlap5_ep_length8_nproteins3_muoff10_sigmaoff1.0_mun5_sigman1.0_r3_sigmapr0.1_sigmanr1_lowoffset0.6_error1.tsv
    jobid: 7
    reason: Missing output files: results/conclusion_N12_I6_len200_peptide17_overlap5_ep_length8_nproteins3_muoff10_sigmaoff1.0_mun5_sigman1.0_r3_sigmapr0.1_sigmanr1_lowoffset0.6_error1.tsv
    wildcards: n_pools=12, iters=6, len_lst=200, pep_length=17, overlap=5, ep_length=8, n_proteins=3, mu_off=10, sigma_off=1.0, mu_n=5, sigma_n=1.0, r=3, sigma_p_r=0.1, sigma_n_r=1, low_offset=0.6, error=1
    resources: tmpdir=/var/folders/bb/6j1bt4dj4x15t9jtm7vlh6gh0000gp/T


[Tue Jan 23 12:10:37 2024]
rule evaluate_data:
    input: results/pooling_N12_I7_len200_peptide17_overlap5_ep_length8_nproteins3.tsv, results/simulation_N12_I7_len200_peptide17_overlap5_ep_length8_nproteins3_muoff10_sigmaoff1.0_mun5_sigman1.0_r3_sigmapr0.1_sigmanr1_lowoffset0.6_error1.tsv
    output: results/conclusion_N12_I7_len200_peptide17_overlap5_ep_length8_nproteins3_muoff10_sigmaoff1.0_mun5_sigman1.0_r3_sigmapr0.1_sigmanr1_lowoffset0.6_error1.tsv
    jobid: 10
    reason: Missing output files: results/conclusion_N12_I7_len200_peptide17_overlap5_ep_length8_nproteins3_muoff10_sigmaoff1.0_mun5_sigman1.0_r3_sigmapr0.1_sigmanr1_lowoffset0.6_error1.tsv
    wildcards: n_pools=12, iters=7, len_lst=200, pep_length=17, overlap=5, ep_length=8, n_proteins=3, mu_off=10, sigma_off=1.0, mu_n=5, sigma_n=1.0, r=3, sigma_p_r=0.1, sigma_n_r=1, low_offset=0.6, error=1
    resources: tmpdir=/var/folders/bb/6j1bt4dj4x15t9jtm7vlh6gh0000gp/T


[Tue Jan 23 12:10:37 2024]
rule evaluate_data:
    input: results/pooling_N12_I5_len200_peptide17_overlap5_ep_length8_nproteins3.tsv, results/simulation_N12_I5_len200_peptide17_overlap5_ep_length8_nproteins3_muoff10_sigmaoff1.0_mun5_sigman1.0_r3_sigmapr0.1_sigmanr1_lowoffset0.6_error1.tsv
    output: results/conclusion_N12_I5_len200_peptide17_overlap5_ep_length8_nproteins3_muoff10_sigmaoff1.0_mun5_sigman1.0_r3_sigmapr0.1_sigmanr1_lowoffset0.6_error1.tsv
    jobid: 4
    reason: Missing output files: results/conclusion_N12_I5_len200_peptide17_overlap5_ep_length8_nproteins3_muoff10_sigmaoff1.0_mun5_sigman1.0_r3_sigmapr0.1_sigmanr1_lowoffset0.6_error1.tsv
    wildcards: n_pools=12, iters=5, len_lst=200, pep_length=17, overlap=5, ep_length=8, n_proteins=3, mu_off=10, sigma_off=1.0, mu_n=5, sigma_n=1.0, r=3, sigma_p_r=0.1, sigma_n_r=1, low_offset=0.6, error=1
    resources: tmpdir=/var/folders/bb/6j1bt4dj4x15t9jtm7vlh6gh0000gp/T


[Tue Jan 23 12:10:37 2024]
rule evaluate_data:
    input: results/pooling_N12_I8_len200_peptide17_overlap5_ep_length8_nproteins3.tsv, results/simulation_N12_I8_len200_peptide17_overlap5_ep_length8_nproteins3_muoff10_sigmaoff1.0_mun5_sigman1.0_r3_sigmapr0.1_sigmanr1_lowoffset0.6_error1.tsv
    output: results/conclusion_N12_I8_len200_peptide17_overlap5_ep_length8_nproteins3_muoff10_sigmaoff1.0_mun5_sigman1.0_r3_sigmapr0.1_sigmanr1_lowoffset0.6_error1.tsv
    jobid: 13
    reason: Missing output files: results/conclusion_N12_I8_len200_peptide17_overlap5_ep_length8_nproteins3_muoff10_sigmaoff1.0_mun5_sigman1.0_r3_sigmapr0.1_sigmanr1_lowoffset0.6_error1.tsv
    wildcards: n_pools=12, iters=8, len_lst=200, pep_length=17, overlap=5, ep_length=8, n_proteins=3, mu_off=10, sigma_off=1.0, mu_n=5, sigma_n=1.0, r=3, sigma_p_r=0.1, sigma_n_r=1, low_offset=0.6, error=1
    resources: tmpdir=/var/folders/bb/6j1bt4dj4x15t9jtm7vlh6gh0000gp/T

[Tue Jan 23 12:11:07 2024]
Finished job 13.
1 of 7 steps (14%) done
Select jobs to execute...

[Tue Jan 23 12:11:07 2024]
rule evaluate_data:
    input: results/pooling_N12_I4_len200_peptide17_overlap5_ep_length8_nproteins3.tsv, results/simulation_N12_I4_len200_peptide17_overlap5_ep_length8_nproteins3_muoff10_sigmaoff1.0_mun5_sigman1.0_r3_sigmapr0.1_sigmanr1_lowoffset0.6_error1.tsv
    output: results/conclusion_N12_I4_len200_peptide17_overlap5_ep_length8_nproteins3_muoff10_sigmaoff1.0_mun5_sigman1.0_r3_sigmapr0.1_sigmanr1_lowoffset0.6_error1.tsv
    jobid: 1
    reason: Missing output files: results/conclusion_N12_I4_len200_peptide17_overlap5_ep_length8_nproteins3_muoff10_sigmaoff1.0_mun5_sigman1.0_r3_sigmapr0.1_sigmanr1_lowoffset0.6_error1.tsv
    wildcards: n_pools=12, iters=4, len_lst=200, pep_length=17, overlap=5, ep_length=8, n_proteins=3, mu_off=10, sigma_off=1.0, mu_n=5, sigma_n=1.0, r=3, sigma_p_r=0.1, sigma_n_r=1, low_offset=0.6, error=1
    resources: tmpdir=/var/folders/bb/6j1bt4dj4x15t9jtm7vlh6gh0000gp/T

[Tue Jan 23 12:11:08 2024]
Finished job 4.
2 of 7 steps (29%) done
[Tue Jan 23 12:11:10 2024]
Finished job 7.
3 of 7 steps (43%) done
[Tue Jan 23 12:11:11 2024]
Finished job 10.
4 of 7 steps (57%) done
[Tue Jan 23 12:11:35 2024]
Finished job 1.
5 of 7 steps (71%) done
Select jobs to execute...

[Tue Jan 23 12:11:35 2024]
rule collect:
    input: results/conclusion_N12_I4_len200_peptide17_overlap5_ep_length8_nproteins3_muoff10_sigmaoff1.0_mun5_sigman1.0_r3_sigmapr0.1_sigmanr1_lowoffset0.6_error1.tsv, results/conclusion_N12_I5_len200_peptide17_overlap5_ep_length8_nproteins3_muoff10_sigmaoff1.0_mun5_sigman1.0_r3_sigmapr0.1_sigmanr1_lowoffset0.6_error1.tsv, results/conclusion_N12_I6_len200_peptide17_overlap5_ep_length8_nproteins3_muoff10_sigmaoff1.0_mun5_sigman1.0_r3_sigmapr0.1_sigmanr1_lowoffset0.6_error1.tsv, results/conclusion_N12_I7_len200_peptide17_overlap5_ep_length8_nproteins3_muoff10_sigmaoff1.0_mun5_sigman1.0_r3_sigmapr0.1_sigmanr1_lowoffset0.6_error1.tsv, results/conclusion_N12_I8_len200_peptide17_overlap5_ep_length8_nproteins3_muoff10_sigmaoff1.0_mun5_sigman1.0_r3_sigmapr0.1_sigmanr1_lowoffset0.6_error1.tsv
    output: results/summary_results.tsv
    jobid: 16
    reason: Missing output files: results/summary_results.tsv; Input files updated by another job: results/conclusion_N12_I5_len200_peptide17_overlap5_ep_length8_nproteins3_muoff10_sigmaoff1.0_mun5_sigman1.0_r3_sigmapr0.1_sigmanr1_lowoffset0.6_error1.tsv, results/conclusion_N12_I8_len200_peptide17_overlap5_ep_length8_nproteins3_muoff10_sigmaoff1.0_mun5_sigman1.0_r3_sigmapr0.1_sigmanr1_lowoffset0.6_error1.tsv, results/conclusion_N12_I7_len200_peptide17_overlap5_ep_length8_nproteins3_muoff10_sigmaoff1.0_mun5_sigman1.0_r3_sigmapr0.1_sigmanr1_lowoffset0.6_error1.tsv, results/conclusion_N12_I4_len200_peptide17_overlap5_ep_length8_nproteins3_muoff10_sigmaoff1.0_mun5_sigman1.0_r3_sigmapr0.1_sigmanr1_lowoffset0.6_error1.tsv, results/conclusion_N12_I6_len200_peptide17_overlap5_ep_length8_nproteins3_muoff10_sigmaoff1.0_mun5_sigman1.0_r3_sigmapr0.1_sigmanr1_lowoffset0.6_error1.tsv
    resources: tmpdir=/var/folders/bb/6j1bt4dj4x15t9jtm7vlh6gh0000gp/T

[Tue Jan 23 12:11:36 2024]
Finished job 16.
6 of 7 steps (86%) done
Select jobs to execute...

[Tue Jan 23 12:11:36 2024]
localrule all:
    input: results/conclusion_N12_I4_len200_peptide17_overlap5_ep_length8_nproteins3_muoff10_sigmaoff1.0_mun5_sigman1.0_r3_sigmapr0.1_sigmanr1_lowoffset0.6_error1.tsv, results/conclusion_N12_I5_len200_peptide17_overlap5_ep_length8_nproteins3_muoff10_sigmaoff1.0_mun5_sigman1.0_r3_sigmapr0.1_sigmanr1_lowoffset0.6_error1.tsv, results/conclusion_N12_I6_len200_peptide17_overlap5_ep_length8_nproteins3_muoff10_sigmaoff1.0_mun5_sigman1.0_r3_sigmapr0.1_sigmanr1_lowoffset0.6_error1.tsv, results/conclusion_N12_I7_len200_peptide17_overlap5_ep_length8_nproteins3_muoff10_sigmaoff1.0_mun5_sigman1.0_r3_sigmapr0.1_sigmanr1_lowoffset0.6_error1.tsv, results/conclusion_N12_I8_len200_peptide17_overlap5_ep_length8_nproteins3_muoff10_sigmaoff1.0_mun5_sigman1.0_r3_sigmapr0.1_sigmanr1_lowoffset0.6_error1.tsv, results/summary_results.tsv
    jobid: 0
    reason: Input files updated by another job: results/summary_results.tsv, results/conclusion_N12_I8_len200_peptide17_overlap5_ep_length8_nproteins3_muoff10_sigmaoff1.0_mun5_sigman1.0_r3_sigmapr0.1_sigmanr1_lowoffset0.6_error1.tsv, results/conclusion_N12_I5_len200_peptide17_overlap5_ep_length8_nproteins3_muoff10_sigmaoff1.0_mun5_sigman1.0_r3_sigmapr0.1_sigmanr1_lowoffset0.6_error1.tsv, results/conclusion_N12_I7_len200_peptide17_overlap5_ep_length8_nproteins3_muoff10_sigmaoff1.0_mun5_sigman1.0_r3_sigmapr0.1_sigmanr1_lowoffset0.6_error1.tsv, results/conclusion_N12_I4_len200_peptide17_overlap5_ep_length8_nproteins3_muoff10_sigmaoff1.0_mun5_sigman1.0_r3_sigmapr0.1_sigmanr1_lowoffset0.6_error1.tsv, results/conclusion_N12_I6_len200_peptide17_overlap5_ep_length8_nproteins3_muoff10_sigmaoff1.0_mun5_sigman1.0_r3_sigmapr0.1_sigmanr1_lowoffset0.6_error1.tsv
    resources: tmpdir=/var/folders/bb/6j1bt4dj4x15t9jtm7vlh6gh0000gp/T

[Tue Jan 23 12:11:36 2024]
Finished job 0.
7 of 7 steps (100%) done
Complete log: .snakemake/log/2024-01-23T121031.001557.snakemake.log
