Building DAG of jobs...
Using shell: /bin/bash
Provided cores: 4
Rules claiming more threads will be scaled down.
Job stats:
job               count
--------------  -------
all                   1
collect               1
evaluate_data         5
pooling_scheme        5
sim_data              5
total                17

Select jobs to execute...

[Tue Jan 16 15:05:28 2024]
rule pooling_scheme:
    output: results/pooling_N12_I5_len200_peptide17_overlap5_ep_length8.tsv
    jobid: 5
    reason: Missing output files: results/pooling_N12_I5_len200_peptide17_overlap5_ep_length8.tsv
    wildcards: n_pools=12, iters=5, len_lst=200, pep_length=17, overlap=5, ep_length=8
    resources: tmpdir=/var/folders/bb/6j1bt4dj4x15t9jtm7vlh6gh0000gp/T


[Tue Jan 16 15:05:28 2024]
rule pooling_scheme:
    output: results/pooling_N12_I8_len200_peptide17_overlap5_ep_length8.tsv
    jobid: 14
    reason: Missing output files: results/pooling_N12_I8_len200_peptide17_overlap5_ep_length8.tsv
    wildcards: n_pools=12, iters=8, len_lst=200, pep_length=17, overlap=5, ep_length=8
    resources: tmpdir=/var/folders/bb/6j1bt4dj4x15t9jtm7vlh6gh0000gp/T


[Tue Jan 16 15:05:28 2024]
rule pooling_scheme:
    output: results/pooling_N12_I4_len200_peptide17_overlap5_ep_length8.tsv
    jobid: 2
    reason: Missing output files: results/pooling_N12_I4_len200_peptide17_overlap5_ep_length8.tsv
    wildcards: n_pools=12, iters=4, len_lst=200, pep_length=17, overlap=5, ep_length=8
    resources: tmpdir=/var/folders/bb/6j1bt4dj4x15t9jtm7vlh6gh0000gp/T


[Tue Jan 16 15:05:28 2024]
rule pooling_scheme:
    output: results/pooling_N12_I7_len200_peptide17_overlap5_ep_length8.tsv
    jobid: 11
    reason: Missing output files: results/pooling_N12_I7_len200_peptide17_overlap5_ep_length8.tsv
    wildcards: n_pools=12, iters=7, len_lst=200, pep_length=17, overlap=5, ep_length=8
    resources: tmpdir=/var/folders/bb/6j1bt4dj4x15t9jtm7vlh6gh0000gp/T

[Tue Jan 16 15:05:37 2024]
Finished job 2.
1 of 17 steps (6%) done
Select jobs to execute...

[Tue Jan 16 15:05:37 2024]
rule sim_data:
    input: results/pooling_N12_I4_len200_peptide17_overlap5_ep_length8.tsv
    output: results/simulation_N12_I4_len200_peptide17_overlap5_ep_length8_muoff10_sigmaoff1.0_mun5_sigman1.0_r3.tsv
    jobid: 3
    reason: Missing output files: results/simulation_N12_I4_len200_peptide17_overlap5_ep_length8_muoff10_sigmaoff1.0_mun5_sigman1.0_r3.tsv; Input files updated by another job: results/pooling_N12_I4_len200_peptide17_overlap5_ep_length8.tsv
    wildcards: n_pools=12, iters=4, len_lst=200, pep_length=17, overlap=5, ep_length=8, mu_off=10, sigma_off=1.0, mu_n=5, sigma_n=1.0, r=3
    resources: tmpdir=/var/folders/bb/6j1bt4dj4x15t9jtm7vlh6gh0000gp/T

[Tue Jan 16 15:05:37 2024]
Finished job 5.
2 of 17 steps (12%) done
Select jobs to execute...

[Tue Jan 16 15:05:37 2024]
rule sim_data:
    input: results/pooling_N12_I5_len200_peptide17_overlap5_ep_length8.tsv
    output: results/simulation_N12_I5_len200_peptide17_overlap5_ep_length8_muoff10_sigmaoff1.0_mun5_sigman1.0_r3.tsv
    jobid: 6
    reason: Missing output files: results/simulation_N12_I5_len200_peptide17_overlap5_ep_length8_muoff10_sigmaoff1.0_mun5_sigman1.0_r3.tsv; Input files updated by another job: results/pooling_N12_I5_len200_peptide17_overlap5_ep_length8.tsv
    wildcards: n_pools=12, iters=5, len_lst=200, pep_length=17, overlap=5, ep_length=8, mu_off=10, sigma_off=1.0, mu_n=5, sigma_n=1.0, r=3
    resources: tmpdir=/var/folders/bb/6j1bt4dj4x15t9jtm7vlh6gh0000gp/T

[Tue Jan 16 15:05:37 2024]
Finished job 11.
3 of 17 steps (18%) done
Select jobs to execute...

[Tue Jan 16 15:05:37 2024]
rule sim_data:
    input: results/pooling_N12_I7_len200_peptide17_overlap5_ep_length8.tsv
    output: results/simulation_N12_I7_len200_peptide17_overlap5_ep_length8_muoff10_sigmaoff1.0_mun5_sigman1.0_r3.tsv
    jobid: 12
    reason: Missing output files: results/simulation_N12_I7_len200_peptide17_overlap5_ep_length8_muoff10_sigmaoff1.0_mun5_sigman1.0_r3.tsv; Input files updated by another job: results/pooling_N12_I7_len200_peptide17_overlap5_ep_length8.tsv
    wildcards: n_pools=12, iters=7, len_lst=200, pep_length=17, overlap=5, ep_length=8, mu_off=10, sigma_off=1.0, mu_n=5, sigma_n=1.0, r=3
    resources: tmpdir=/var/folders/bb/6j1bt4dj4x15t9jtm7vlh6gh0000gp/T

[Tue Jan 16 15:05:37 2024]
Finished job 14.
4 of 17 steps (24%) done
Select jobs to execute...

[Tue Jan 16 15:05:37 2024]
rule sim_data:
    input: results/pooling_N12_I8_len200_peptide17_overlap5_ep_length8.tsv
    output: results/simulation_N12_I8_len200_peptide17_overlap5_ep_length8_muoff10_sigmaoff1.0_mun5_sigman1.0_r3.tsv
    jobid: 15
    reason: Missing output files: results/simulation_N12_I8_len200_peptide17_overlap5_ep_length8_muoff10_sigmaoff1.0_mun5_sigman1.0_r3.tsv; Input files updated by another job: results/pooling_N12_I8_len200_peptide17_overlap5_ep_length8.tsv
    wildcards: n_pools=12, iters=8, len_lst=200, pep_length=17, overlap=5, ep_length=8, mu_off=10, sigma_off=1.0, mu_n=5, sigma_n=1.0, r=3
    resources: tmpdir=/var/folders/bb/6j1bt4dj4x15t9jtm7vlh6gh0000gp/T

[Tue Jan 16 15:06:17 2024]
Finished job 6.
5 of 17 steps (29%) done
Select jobs to execute...

[Tue Jan 16 15:06:17 2024]
rule evaluate_data:
    input: results/pooling_N12_I5_len200_peptide17_overlap5_ep_length8.tsv, results/simulation_N12_I5_len200_peptide17_overlap5_ep_length8_muoff10_sigmaoff1.0_mun5_sigman1.0_r3.tsv
    output: results/conclusion_N12_I5_len200_peptide17_overlap5_ep_length8_muoff10_sigmaoff1.0_mun5_sigman1.0_r3.tsv
    jobid: 4
    reason: Missing output files: results/conclusion_N12_I5_len200_peptide17_overlap5_ep_length8_muoff10_sigmaoff1.0_mun5_sigman1.0_r3.tsv; Input files updated by another job: results/pooling_N12_I5_len200_peptide17_overlap5_ep_length8.tsv, results/simulation_N12_I5_len200_peptide17_overlap5_ep_length8_muoff10_sigmaoff1.0_mun5_sigman1.0_r3.tsv
    wildcards: n_pools=12, iters=5, len_lst=200, pep_length=17, overlap=5, ep_length=8, mu_off=10, sigma_off=1.0, mu_n=5, sigma_n=1.0, r=3
    resources: tmpdir=/var/folders/bb/6j1bt4dj4x15t9jtm7vlh6gh0000gp/T

[Tue Jan 16 15:06:18 2024]
Finished job 3.
6 of 17 steps (35%) done
Select jobs to execute...

[Tue Jan 16 15:06:18 2024]
rule evaluate_data:
    input: results/pooling_N12_I4_len200_peptide17_overlap5_ep_length8.tsv, results/simulation_N12_I4_len200_peptide17_overlap5_ep_length8_muoff10_sigmaoff1.0_mun5_sigman1.0_r3.tsv
    output: results/conclusion_N12_I4_len200_peptide17_overlap5_ep_length8_muoff10_sigmaoff1.0_mun5_sigman1.0_r3.tsv
    jobid: 1
    reason: Missing output files: results/conclusion_N12_I4_len200_peptide17_overlap5_ep_length8_muoff10_sigmaoff1.0_mun5_sigman1.0_r3.tsv; Input files updated by another job: results/simulation_N12_I4_len200_peptide17_overlap5_ep_length8_muoff10_sigmaoff1.0_mun5_sigman1.0_r3.tsv, results/pooling_N12_I4_len200_peptide17_overlap5_ep_length8.tsv
    wildcards: n_pools=12, iters=4, len_lst=200, pep_length=17, overlap=5, ep_length=8, mu_off=10, sigma_off=1.0, mu_n=5, sigma_n=1.0, r=3
    resources: tmpdir=/var/folders/bb/6j1bt4dj4x15t9jtm7vlh6gh0000gp/T

[Tue Jan 16 15:06:21 2024]
Finished job 12.
7 of 17 steps (41%) done
Select jobs to execute...

[Tue Jan 16 15:06:21 2024]
rule evaluate_data:
    input: results/pooling_N12_I7_len200_peptide17_overlap5_ep_length8.tsv, results/simulation_N12_I7_len200_peptide17_overlap5_ep_length8_muoff10_sigmaoff1.0_mun5_sigman1.0_r3.tsv
    output: results/conclusion_N12_I7_len200_peptide17_overlap5_ep_length8_muoff10_sigmaoff1.0_mun5_sigman1.0_r3.tsv
    jobid: 10
    reason: Missing output files: results/conclusion_N12_I7_len200_peptide17_overlap5_ep_length8_muoff10_sigmaoff1.0_mun5_sigman1.0_r3.tsv; Input files updated by another job: results/pooling_N12_I7_len200_peptide17_overlap5_ep_length8.tsv, results/simulation_N12_I7_len200_peptide17_overlap5_ep_length8_muoff10_sigmaoff1.0_mun5_sigman1.0_r3.tsv
    wildcards: n_pools=12, iters=7, len_lst=200, pep_length=17, overlap=5, ep_length=8, mu_off=10, sigma_off=1.0, mu_n=5, sigma_n=1.0, r=3
    resources: tmpdir=/var/folders/bb/6j1bt4dj4x15t9jtm7vlh6gh0000gp/T

[Tue Jan 16 15:06:21 2024]
Finished job 15.
8 of 17 steps (47%) done
Select jobs to execute...

[Tue Jan 16 15:06:21 2024]
rule evaluate_data:
    input: results/pooling_N12_I8_len200_peptide17_overlap5_ep_length8.tsv, results/simulation_N12_I8_len200_peptide17_overlap5_ep_length8_muoff10_sigmaoff1.0_mun5_sigman1.0_r3.tsv
    output: results/conclusion_N12_I8_len200_peptide17_overlap5_ep_length8_muoff10_sigmaoff1.0_mun5_sigman1.0_r3.tsv
    jobid: 13
    reason: Missing output files: results/conclusion_N12_I8_len200_peptide17_overlap5_ep_length8_muoff10_sigmaoff1.0_mun5_sigman1.0_r3.tsv; Input files updated by another job: results/simulation_N12_I8_len200_peptide17_overlap5_ep_length8_muoff10_sigmaoff1.0_mun5_sigman1.0_r3.tsv, results/pooling_N12_I8_len200_peptide17_overlap5_ep_length8.tsv
    wildcards: n_pools=12, iters=8, len_lst=200, pep_length=17, overlap=5, ep_length=8, mu_off=10, sigma_off=1.0, mu_n=5, sigma_n=1.0, r=3
    resources: tmpdir=/var/folders/bb/6j1bt4dj4x15t9jtm7vlh6gh0000gp/T

[Tue Jan 16 15:06:47 2024]
Finished job 1.
9 of 17 steps (53%) done
Select jobs to execute...

[Tue Jan 16 15:06:47 2024]
rule pooling_scheme:
    output: results/pooling_N12_I6_len200_peptide17_overlap5_ep_length8.tsv
    jobid: 8
    reason: Missing output files: results/pooling_N12_I6_len200_peptide17_overlap5_ep_length8.tsv
    wildcards: n_pools=12, iters=6, len_lst=200, pep_length=17, overlap=5, ep_length=8
    resources: tmpdir=/var/folders/bb/6j1bt4dj4x15t9jtm7vlh6gh0000gp/T

[Tue Jan 16 15:06:47 2024]
Finished job 4.
10 of 17 steps (59%) done
[Tue Jan 16 15:06:49 2024]
Finished job 13.
11 of 17 steps (65%) done
[Tue Jan 16 15:06:51 2024]
Finished job 10.
12 of 17 steps (71%) done
[Tue Jan 16 15:06:56 2024]
Finished job 8.
13 of 17 steps (76%) done
Select jobs to execute...

[Tue Jan 16 15:06:56 2024]
rule sim_data:
    input: results/pooling_N12_I6_len200_peptide17_overlap5_ep_length8.tsv
    output: results/simulation_N12_I6_len200_peptide17_overlap5_ep_length8_muoff10_sigmaoff1.0_mun5_sigman1.0_r3.tsv
    jobid: 9
    reason: Missing output files: results/simulation_N12_I6_len200_peptide17_overlap5_ep_length8_muoff10_sigmaoff1.0_mun5_sigman1.0_r3.tsv; Input files updated by another job: results/pooling_N12_I6_len200_peptide17_overlap5_ep_length8.tsv
    wildcards: n_pools=12, iters=6, len_lst=200, pep_length=17, overlap=5, ep_length=8, mu_off=10, sigma_off=1.0, mu_n=5, sigma_n=1.0, r=3
    resources: tmpdir=/var/folders/bb/6j1bt4dj4x15t9jtm7vlh6gh0000gp/T

[Tue Jan 16 15:07:35 2024]
Finished job 9.
14 of 17 steps (82%) done
Select jobs to execute...

[Tue Jan 16 15:07:35 2024]
rule evaluate_data:
    input: results/pooling_N12_I6_len200_peptide17_overlap5_ep_length8.tsv, results/simulation_N12_I6_len200_peptide17_overlap5_ep_length8_muoff10_sigmaoff1.0_mun5_sigman1.0_r3.tsv
    output: results/conclusion_N12_I6_len200_peptide17_overlap5_ep_length8_muoff10_sigmaoff1.0_mun5_sigman1.0_r3.tsv
    jobid: 7
    reason: Missing output files: results/conclusion_N12_I6_len200_peptide17_overlap5_ep_length8_muoff10_sigmaoff1.0_mun5_sigman1.0_r3.tsv; Input files updated by another job: results/simulation_N12_I6_len200_peptide17_overlap5_ep_length8_muoff10_sigmaoff1.0_mun5_sigman1.0_r3.tsv, results/pooling_N12_I6_len200_peptide17_overlap5_ep_length8.tsv
    wildcards: n_pools=12, iters=6, len_lst=200, pep_length=17, overlap=5, ep_length=8, mu_off=10, sigma_off=1.0, mu_n=5, sigma_n=1.0, r=3
    resources: tmpdir=/var/folders/bb/6j1bt4dj4x15t9jtm7vlh6gh0000gp/T

[Tue Jan 16 15:08:01 2024]
Finished job 7.
15 of 17 steps (88%) done
Select jobs to execute...

[Tue Jan 16 15:08:01 2024]
rule collect:
    input: results/conclusion_N12_I4_len200_peptide17_overlap5_ep_length8_muoff10_sigmaoff1.0_mun5_sigman1.0_r3.tsv, results/conclusion_N12_I5_len200_peptide17_overlap5_ep_length8_muoff10_sigmaoff1.0_mun5_sigman1.0_r3.tsv, results/conclusion_N12_I6_len200_peptide17_overlap5_ep_length8_muoff10_sigmaoff1.0_mun5_sigman1.0_r3.tsv, results/conclusion_N12_I7_len200_peptide17_overlap5_ep_length8_muoff10_sigmaoff1.0_mun5_sigman1.0_r3.tsv, results/conclusion_N12_I8_len200_peptide17_overlap5_ep_length8_muoff10_sigmaoff1.0_mun5_sigman1.0_r3.tsv
    output: results/summary_results.tsv
    jobid: 16
    reason: Missing output files: results/summary_results.tsv; Input files updated by another job: results/conclusion_N12_I7_len200_peptide17_overlap5_ep_length8_muoff10_sigmaoff1.0_mun5_sigman1.0_r3.tsv, results/conclusion_N12_I5_len200_peptide17_overlap5_ep_length8_muoff10_sigmaoff1.0_mun5_sigman1.0_r3.tsv, results/conclusion_N12_I6_len200_peptide17_overlap5_ep_length8_muoff10_sigmaoff1.0_mun5_sigman1.0_r3.tsv, results/conclusion_N12_I4_len200_peptide17_overlap5_ep_length8_muoff10_sigmaoff1.0_mun5_sigman1.0_r3.tsv, results/conclusion_N12_I8_len200_peptide17_overlap5_ep_length8_muoff10_sigmaoff1.0_mun5_sigman1.0_r3.tsv
    resources: tmpdir=/var/folders/bb/6j1bt4dj4x15t9jtm7vlh6gh0000gp/T

[Tue Jan 16 15:08:01 2024]
Finished job 16.
16 of 17 steps (94%) done
Select jobs to execute...

[Tue Jan 16 15:08:01 2024]
localrule all:
    input: results/conclusion_N12_I4_len200_peptide17_overlap5_ep_length8_muoff10_sigmaoff1.0_mun5_sigman1.0_r3.tsv, results/conclusion_N12_I5_len200_peptide17_overlap5_ep_length8_muoff10_sigmaoff1.0_mun5_sigman1.0_r3.tsv, results/conclusion_N12_I6_len200_peptide17_overlap5_ep_length8_muoff10_sigmaoff1.0_mun5_sigman1.0_r3.tsv, results/conclusion_N12_I7_len200_peptide17_overlap5_ep_length8_muoff10_sigmaoff1.0_mun5_sigman1.0_r3.tsv, results/conclusion_N12_I8_len200_peptide17_overlap5_ep_length8_muoff10_sigmaoff1.0_mun5_sigman1.0_r3.tsv, results/summary_results.tsv
    jobid: 0
    reason: Input files updated by another job: results/conclusion_N12_I7_len200_peptide17_overlap5_ep_length8_muoff10_sigmaoff1.0_mun5_sigman1.0_r3.tsv, results/conclusion_N12_I4_len200_peptide17_overlap5_ep_length8_muoff10_sigmaoff1.0_mun5_sigman1.0_r3.tsv, results/conclusion_N12_I5_len200_peptide17_overlap5_ep_length8_muoff10_sigmaoff1.0_mun5_sigman1.0_r3.tsv, results/summary_results.tsv, results/conclusion_N12_I6_len200_peptide17_overlap5_ep_length8_muoff10_sigmaoff1.0_mun5_sigman1.0_r3.tsv, results/conclusion_N12_I8_len200_peptide17_overlap5_ep_length8_muoff10_sigmaoff1.0_mun5_sigman1.0_r3.tsv
    resources: tmpdir=/var/folders/bb/6j1bt4dj4x15t9jtm7vlh6gh0000gp/T

[Tue Jan 16 15:08:01 2024]
Finished job 0.
17 of 17 steps (100%) done
Complete log: .snakemake/log/2024-01-16T150522.146140.snakemake.log
