Building DAG of jobs...
Using shell: /bin/bash
Provided cores: 4
Rules claiming more threads will be scaled down.
Job stats:
job               count
--------------  -------
all                   1
collect               1
evaluate_data       576
pooling_scheme      144
sim_data            576
total              1298

Select jobs to execute...

[Mon Jan 29 15:00:36 2024]
rule pooling_scheme:
    output: results/pooling_N15_I4_len200_peptide12_overlap6_ep_length10_nproteins1.tsv
    jobid: 298
    reason: Missing output files: results/pooling_N15_I4_len200_peptide12_overlap6_ep_length10_nproteins1.tsv
    wildcards: n_pools=15, iters=4, len_lst=200, pep_length=12, overlap=6, ep_length=10, n_proteins=1
    resources: tmpdir=/var/folders/bb/6j1bt4dj4x15t9jtm7vlh6gh0000gp/T


[Mon Jan 29 15:00:36 2024]
rule pooling_scheme:
    output: results/pooling_N10_I4_len100_peptide14_overlap4_ep_length8_nproteins1.tsv
    jobid: 23
    reason: Missing output files: results/pooling_N10_I4_len100_peptide14_overlap4_ep_length8_nproteins1.tsv
    wildcards: n_pools=10, iters=4, len_lst=100, pep_length=14, overlap=4, ep_length=8, n_proteins=1
    resources: tmpdir=/var/folders/bb/6j1bt4dj4x15t9jtm7vlh6gh0000gp/T


[Mon Jan 29 15:00:36 2024]
rule pooling_scheme:
    output: results/pooling_N15_I3_len200_peptide12_overlap4_ep_length10_nproteins1.tsv
    jobid: 248
    reason: Missing output files: results/pooling_N15_I3_len200_peptide12_overlap4_ep_length10_nproteins1.tsv
    wildcards: n_pools=15, iters=3, len_lst=200, pep_length=12, overlap=4, ep_length=10, n_proteins=1
    resources: tmpdir=/var/folders/bb/6j1bt4dj4x15t9jtm7vlh6gh0000gp/T


[Mon Jan 29 15:00:36 2024]
rule pooling_scheme:
    output: results/pooling_N10_I4_len100_peptide12_overlap6_ep_length8_nproteins10.tsv
    jobid: 373
    reason: Missing output files: results/pooling_N10_I4_len100_peptide12_overlap6_ep_length8_nproteins10.tsv
    wildcards: n_pools=10, iters=4, len_lst=100, pep_length=12, overlap=6, ep_length=8, n_proteins=10
    resources: tmpdir=/var/folders/bb/6j1bt4dj4x15t9jtm7vlh6gh0000gp/T

[Mon Jan 29 15:00:44 2024]
Finished job 373.
1 of 1298 steps (0.1%) done
Select jobs to execute...

[Mon Jan 29 15:00:44 2024]
rule sim_data:
    input: results/pooling_N10_I4_len100_peptide12_overlap6_ep_length8_nproteins10.tsv
    output: results/simulation_N10_I4_len100_peptide12_overlap6_ep_length8_nproteins10_muoff10_sigmaoff1_mun0_sigman1_r1_sigmapr1_sigmanr1_lowoffset0.2_error1.tsv
    jobid: 1021
    reason: Missing output files: results/simulation_N10_I4_len100_peptide12_overlap6_ep_length8_nproteins10_muoff10_sigmaoff1_mun0_sigman1_r1_sigmapr1_sigmanr1_lowoffset0.2_error1.tsv; Input files updated by another job: results/pooling_N10_I4_len100_peptide12_overlap6_ep_length8_nproteins10.tsv
    wildcards: n_pools=10, iters=4, len_lst=100, pep_length=12, overlap=6, ep_length=8, n_proteins=10, mu_off=10, sigma_off=1, mu_n=0, sigma_n=1, r=1, sigma_p_r=1, sigma_n_r=1, low_offset=0.2, error=1
    resources: tmpdir=/var/folders/bb/6j1bt4dj4x15t9jtm7vlh6gh0000gp/T

[Mon Jan 29 15:00:44 2024]
Finished job 23.
2 of 1298 steps (0.2%) done
Select jobs to execute...

[Mon Jan 29 15:00:44 2024]
rule sim_data:
    input: results/pooling_N10_I4_len100_peptide14_overlap4_ep_length8_nproteins1.tsv
    output: results/simulation_N10_I4_len100_peptide14_overlap4_ep_length8_nproteins1_muoff0_sigmaoff1_mun0_sigman1_r1_sigmapr1_sigmanr1_lowoffset0.2_error1.tsv
    jobid: 739
    reason: Missing output files: results/simulation_N10_I4_len100_peptide14_overlap4_ep_length8_nproteins1_muoff0_sigmaoff1_mun0_sigman1_r1_sigmapr1_sigmanr1_lowoffset0.2_error1.tsv; Input files updated by another job: results/pooling_N10_I4_len100_peptide14_overlap4_ep_length8_nproteins1.tsv
    wildcards: n_pools=10, iters=4, len_lst=100, pep_length=14, overlap=4, ep_length=8, n_proteins=1, mu_off=0, sigma_off=1, mu_n=0, sigma_n=1, r=1, sigma_p_r=1, sigma_n_r=1, low_offset=0.2, error=1
    resources: tmpdir=/var/folders/bb/6j1bt4dj4x15t9jtm7vlh6gh0000gp/T

[Mon Jan 29 15:00:45 2024]
Finished job 298.
3 of 1298 steps (0.2%) done
Select jobs to execute...

[Mon Jan 29 15:00:45 2024]
rule sim_data:
    input: results/pooling_N10_I4_len100_peptide14_overlap4_ep_length8_nproteins1.tsv
    output: results/simulation_N10_I4_len100_peptide14_overlap4_ep_length8_nproteins1_muoff10_sigmaoff1_mun0_sigman1_r1_sigmapr1_sigmanr1_lowoffset0.2_error1.tsv
    jobid: 741
    reason: Missing output files: results/simulation_N10_I4_len100_peptide14_overlap4_ep_length8_nproteins1_muoff10_sigmaoff1_mun0_sigman1_r1_sigmapr1_sigmanr1_lowoffset0.2_error1.tsv; Input files updated by another job: results/pooling_N10_I4_len100_peptide14_overlap4_ep_length8_nproteins1.tsv
    wildcards: n_pools=10, iters=4, len_lst=100, pep_length=14, overlap=4, ep_length=8, n_proteins=1, mu_off=10, sigma_off=1, mu_n=0, sigma_n=1, r=1, sigma_p_r=1, sigma_n_r=1, low_offset=0.2, error=1
    resources: tmpdir=/var/folders/bb/6j1bt4dj4x15t9jtm7vlh6gh0000gp/T

[Mon Jan 29 15:00:45 2024]
Finished job 248.
4 of 1298 steps (0.3%) done
Select jobs to execute...

[Mon Jan 29 15:00:45 2024]
rule sim_data:
    input: results/pooling_N10_I4_len100_peptide14_overlap4_ep_length8_nproteins1.tsv
    output: results/simulation_N10_I4_len100_peptide14_overlap4_ep_length8_nproteins1_muoff0_sigmaoff1_mun0_sigman1_r1_sigmapr1_sigmanr1_lowoffset0.2_error0.tsv
    jobid: 24
    reason: Missing output files: results/simulation_N10_I4_len100_peptide14_overlap4_ep_length8_nproteins1_muoff0_sigmaoff1_mun0_sigman1_r1_sigmapr1_sigmanr1_lowoffset0.2_error0.tsv; Input files updated by another job: results/pooling_N10_I4_len100_peptide14_overlap4_ep_length8_nproteins1.tsv
    wildcards: n_pools=10, iters=4, len_lst=100, pep_length=14, overlap=4, ep_length=8, n_proteins=1, mu_off=0, sigma_off=1, mu_n=0, sigma_n=1, r=1, sigma_p_r=1, sigma_n_r=1, low_offset=0.2, error=0
    resources: tmpdir=/var/folders/bb/6j1bt4dj4x15t9jtm7vlh6gh0000gp/T

[Mon Jan 29 15:02:21 2024]
Finished job 1021.
5 of 1298 steps (0.4%) done
Select jobs to execute...

[Mon Jan 29 15:02:21 2024]
rule sim_data:
    input: results/pooling_N10_I4_len100_peptide14_overlap4_ep_length8_nproteins1.tsv
    output: results/simulation_N10_I4_len100_peptide14_overlap4_ep_length8_nproteins1_muoff10_sigmaoff1_mun0_sigman1_r1_sigmapr1_sigmanr1_lowoffset0.2_error0.tsv
    jobid: 26
    reason: Missing output files: results/simulation_N10_I4_len100_peptide14_overlap4_ep_length8_nproteins1_muoff10_sigmaoff1_mun0_sigman1_r1_sigmapr1_sigmanr1_lowoffset0.2_error0.tsv; Input files updated by another job: results/pooling_N10_I4_len100_peptide14_overlap4_ep_length8_nproteins1.tsv
    wildcards: n_pools=10, iters=4, len_lst=100, pep_length=14, overlap=4, ep_length=8, n_proteins=1, mu_off=10, sigma_off=1, mu_n=0, sigma_n=1, r=1, sigma_p_r=1, sigma_n_r=1, low_offset=0.2, error=0
    resources: tmpdir=/var/folders/bb/6j1bt4dj4x15t9jtm7vlh6gh0000gp/T

[Mon Jan 29 15:02:29 2024]
Finished job 24.
6 of 1298 steps (0.5%) done
Select jobs to execute...

[Mon Jan 29 15:02:29 2024]
rule evaluate_data:
    input: results/pooling_N10_I4_len100_peptide14_overlap4_ep_length8_nproteins1.tsv, results/simulation_N10_I4_len100_peptide14_overlap4_ep_length8_nproteins1_muoff0_sigmaoff1_mun0_sigman1_r1_sigmapr1_sigmanr1_lowoffset0.2_error0.tsv
    output: results/conclusion_N10_I4_len100_peptide14_overlap4_ep_length8_nproteins1_muoff0_sigmaoff1_mun0_sigman1_r1_sigmapr1_sigmanr1_lowoffset0.2_error0.tsv
    jobid: 22
    reason: Missing output files: results/conclusion_N10_I4_len100_peptide14_overlap4_ep_length8_nproteins1_muoff0_sigmaoff1_mun0_sigman1_r1_sigmapr1_sigmanr1_lowoffset0.2_error0.tsv; Input files updated by another job: results/pooling_N10_I4_len100_peptide14_overlap4_ep_length8_nproteins1.tsv, results/simulation_N10_I4_len100_peptide14_overlap4_ep_length8_nproteins1_muoff0_sigmaoff1_mun0_sigman1_r1_sigmapr1_sigmanr1_lowoffset0.2_error0.tsv
    wildcards: n_pools=10, iters=4, len_lst=100, pep_length=14, overlap=4, ep_length=8, n_proteins=1, mu_off=0, sigma_off=1, mu_n=0, sigma_n=1, r=1, sigma_p_r=1, sigma_n_r=1, low_offset=0.2, error=0
    resources: tmpdir=/var/folders/bb/6j1bt4dj4x15t9jtm7vlh6gh0000gp/T

[Mon Jan 29 15:02:29 2024]
Finished job 739.
7 of 1298 steps (1%) done
Select jobs to execute...

[Mon Jan 29 15:02:29 2024]
rule evaluate_data:
    input: results/pooling_N10_I4_len100_peptide14_overlap4_ep_length8_nproteins1.tsv, results/simulation_N10_I4_len100_peptide14_overlap4_ep_length8_nproteins1_muoff0_sigmaoff1_mun0_sigman1_r1_sigmapr1_sigmanr1_lowoffset0.2_error1.tsv
    output: results/conclusion_N10_I4_len100_peptide14_overlap4_ep_length8_nproteins1_muoff0_sigmaoff1_mun0_sigman1_r1_sigmapr1_sigmanr1_lowoffset0.2_error1.tsv
    jobid: 738
    reason: Missing output files: results/conclusion_N10_I4_len100_peptide14_overlap4_ep_length8_nproteins1_muoff0_sigmaoff1_mun0_sigman1_r1_sigmapr1_sigmanr1_lowoffset0.2_error1.tsv; Input files updated by another job: results/simulation_N10_I4_len100_peptide14_overlap4_ep_length8_nproteins1_muoff0_sigmaoff1_mun0_sigman1_r1_sigmapr1_sigmanr1_lowoffset0.2_error1.tsv, results/pooling_N10_I4_len100_peptide14_overlap4_ep_length8_nproteins1.tsv
    wildcards: n_pools=10, iters=4, len_lst=100, pep_length=14, overlap=4, ep_length=8, n_proteins=1, mu_off=0, sigma_off=1, mu_n=0, sigma_n=1, r=1, sigma_p_r=1, sigma_n_r=1, low_offset=0.2, error=1
    resources: tmpdir=/var/folders/bb/6j1bt4dj4x15t9jtm7vlh6gh0000gp/T

