Building DAG of jobs...
Retrieving input from storage.
Using shell: /bin/bash
Provided cores: 4
Rules claiming more threads will be scaled down.
Job stats:
job               count
--------------  -------
all                   1
collect               1
evaluate_data         3
pooling_scheme        3
sim_data              3
total                11

Select jobs to execute...
Execute 3 jobs...

[Tue Jan 16 10:32:25 2024]
localrule pooling_scheme:
    output: results/pooling_N10_I5_len200_peptide17_overlap5_ep_length8.tsv
    jobid: 5
    reason: Missing output files: results/pooling_N10_I5_len200_peptide17_overlap5_ep_length8.tsv
    wildcards: n_pools=10, iters=5, len_lst=200, pep_length=17, overlap=5, ep_length=8
    resources: tmpdir=/var/folders/bb/6j1bt4dj4x15t9jtm7vlh6gh0000gp/T


[Tue Jan 16 10:32:25 2024]
localrule pooling_scheme:
    output: results/pooling_N10_I6_len200_peptide17_overlap5_ep_length8.tsv
    jobid: 8
    reason: Missing output files: results/pooling_N10_I6_len200_peptide17_overlap5_ep_length8.tsv
    wildcards: n_pools=10, iters=6, len_lst=200, pep_length=17, overlap=5, ep_length=8
    resources: tmpdir=/var/folders/bb/6j1bt4dj4x15t9jtm7vlh6gh0000gp/T


[Tue Jan 16 10:32:25 2024]
localrule pooling_scheme:
    output: results/pooling_N10_I4_len200_peptide17_overlap5_ep_length8.tsv
    jobid: 2
    reason: Code has changed since last execution
    wildcards: n_pools=10, iters=4, len_lst=200, pep_length=17, overlap=5, ep_length=8
    resources: tmpdir=/var/folders/bb/6j1bt4dj4x15t9jtm7vlh6gh0000gp/T

Terminating processes on user request, this might take some time.
[Tue Jan 16 10:33:00 2024]
Error in rule pooling_scheme:
    jobid: 8
    output: results/pooling_N10_I6_len200_peptide17_overlap5_ep_length8.tsv
    shell:
        
		python scripts/pooling.py 			-output results/pooling_N10_I6_len200_peptide17_overlap5_ep_length8.tsv 			-n_pools 10 			-iters 6 			-len_lst 200 			-overlap 5 			-ep_length 8 			-pep_length 17
		
        (one of the commands exited with non-zero exit code; note that snakemake uses bash strict mode!)

[Tue Jan 16 10:33:00 2024]
Error in rule pooling_scheme:
    jobid: 5
    output: results/pooling_N10_I5_len200_peptide17_overlap5_ep_length8.tsv
    shell:
        
		python scripts/pooling.py 			-output results/pooling_N10_I5_len200_peptide17_overlap5_ep_length8.tsv 			-n_pools 10 			-iters 5 			-len_lst 200 			-overlap 5 			-ep_length 8 			-pep_length 17
		
        (one of the commands exited with non-zero exit code; note that snakemake uses bash strict mode!)

[Tue Jan 16 10:33:00 2024]
Error in rule pooling_scheme:
    jobid: 2
    output: results/pooling_N10_I4_len200_peptide17_overlap5_ep_length8.tsv
    shell:
        
		python scripts/pooling.py 			-output results/pooling_N10_I4_len200_peptide17_overlap5_ep_length8.tsv 			-n_pools 10 			-iters 4 			-len_lst 200 			-overlap 5 			-ep_length 8 			-pep_length 17
		
        (one of the commands exited with non-zero exit code; note that snakemake uses bash strict mode!)

Complete log: .snakemake/log/2024-01-16T103223.742482.snakemake.log
WorkflowError:
At least one job did not complete successfully.
