Building DAG of jobs...
Using shell: /bin/bash
Provided cores: 1 (use --cores to define parallelism)
Rules claiming more threads will be scaled down.
Job stats:
job               count
--------------  -------
all                   1
collect               1
evaluate_data         4
pooling_scheme        2
sim_data              4
total                12

Select jobs to execute...

[Mon Jul  1 11:19:34 2024]
rule pooling_scheme:
    output: results/pooling_N10_I5_len100_peptide14_overlap4_ep_length8_nproteins1.tsv
    jobid: 5
    reason: Missing output files: results/pooling_N10_I5_len100_peptide14_overlap4_ep_length8_nproteins1.tsv
    wildcards: n_pools=10, iters=5, len_lst=100, pep_length=14, overlap=4, ep_length=8, n_proteins=1
    resources: tmpdir=/var/folders/bb/6j1bt4dj4x15t9jtm7vlh6gh0000gp/T

[Mon Jul  1 11:19:40 2024]
Finished job 5.
1 of 12 steps (8%) done
Select jobs to execute...

[Mon Jul  1 11:19:40 2024]
rule sim_data:
    input: results/pooling_N10_I5_len100_peptide14_overlap4_ep_length8_nproteins1.tsv
    output: results/simulation_N10_I5_len100_peptide14_overlap4_ep_length8_nproteins1_muoff0_sigmaoff1_mun0_sigman1_r1_sigmapr1_sigmanr1_lowoffset0.2_error0.tsv, results/simparams_N10_I5_len100_peptide14_overlap4_ep_length8_nproteins1_muoff0_sigmaoff1_mun0_sigman1_r1_sigmapr1_sigmanr1_lowoffset0.2_error0.tsv
    jobid: 6
    reason: Missing output files: results/simparams_N10_I5_len100_peptide14_overlap4_ep_length8_nproteins1_muoff0_sigmaoff1_mun0_sigman1_r1_sigmapr1_sigmanr1_lowoffset0.2_error0.tsv, results/simulation_N10_I5_len100_peptide14_overlap4_ep_length8_nproteins1_muoff0_sigmaoff1_mun0_sigman1_r1_sigmapr1_sigmanr1_lowoffset0.2_error0.tsv; Input files updated by another job: results/pooling_N10_I5_len100_peptide14_overlap4_ep_length8_nproteins1.tsv
    wildcards: n_pools=10, iters=5, len_lst=100, pep_length=14, overlap=4, ep_length=8, n_proteins=1, mu_off=0, sigma_off=1, mu_n=0, sigma_n=1, r=1, sigma_p_r=1, sigma_n_r=1, low_offset=0.2, error=0
    resources: tmpdir=/var/folders/bb/6j1bt4dj4x15t9jtm7vlh6gh0000gp/T

Terminating processes on user request, this might take some time.
[Mon Jul  1 11:20:03 2024]
Error in rule sim_data:
    jobid: 6
    input: results/pooling_N10_I5_len100_peptide14_overlap4_ep_length8_nproteins1.tsv
    output: results/simulation_N10_I5_len100_peptide14_overlap4_ep_length8_nproteins1_muoff0_sigmaoff1_mun0_sigman1_r1_sigmapr1_sigmanr1_lowoffset0.2_error0.tsv, results/simparams_N10_I5_len100_peptide14_overlap4_ep_length8_nproteins1_muoff0_sigmaoff1_mun0_sigman1_r1_sigmapr1_sigmanr1_lowoffset0.2_error0.tsv
    shell:
        
		export PYTENSOR_FLAGS="compiledir=$HOME/.pytensor/compiledir_sim_10_5_100_14_4_8_1_0_1_0_1_1_1_1_0.2_0"
		python scripts/sim_data.py 			-check_results results/pooling_N10_I5_len100_peptide14_overlap4_ep_length8_nproteins1.tsv 			-output results/simulation_N10_I5_len100_peptide14_overlap4_ep_length8_nproteins1_muoff0_sigmaoff1_mun0_sigman1_r1_sigmapr1_sigmanr1_lowoffset0.2_error0.tsv 			-output_params results/simparams_N10_I5_len100_peptide14_overlap4_ep_length8_nproteins1_muoff0_sigmaoff1_mun0_sigman1_r1_sigmapr1_sigmanr1_lowoffset0.2_error0.tsv 			-mu_off 0 			-sigma_off 1 			-mu_n 0 			-sigma_n 1 			-r 1 			-n_pools 10 			-sigma_p_r 1 			-sigma_n_r 1 			-low_offset 0.2 			-error 0
		rm -rf "$HOME/.pytensor/compiledir_sim_10_5_100_14_4_8_1_0_1_0_1_1_1_1_0.2_0"
		
        (one of the commands exited with non-zero exit code; note that snakemake uses bash strict mode!)

Complete log: .snakemake/log/2024-07-01T111927.082642.snakemake.log
