Building DAG of jobs...
Using shell: /bin/bash
Provided cores: 1 (use --cores to define parallelism)
Rules claiming more threads will be scaled down.
Job stats:
job               count
--------------  -------
all                   1
collect               1
evaluate_data         4
pooling_scheme        1
sim_data              3
total                10

Select jobs to execute...

[Thu Jul 11 13:34:03 2024]
rule evaluate_data:
    input: results/pooling_N10_I5_len100_peptide14_overlap4_ep_length8_nproteins1.tsv, results/simulation_N10_I5_len100_peptide14_overlap4_ep_length8_nproteins1_muoff0_sigmaoff1_mun0_sigman1_r1_sigmapr1_sigmanr1_lowoffset0.2_error0.tsv, results/simparams_N10_I5_len100_peptide14_overlap4_ep_length8_nproteins1_muoff0_sigmaoff1_mun0_sigman1_r1_sigmapr1_sigmanr1_lowoffset0.2_error0.tsv
    output: results/conclusion_N10_I5_len100_peptide14_overlap4_ep_length8_nproteins1_muoff0_sigmaoff1_mun0_sigman1_r1_sigmapr1_sigmanr1_lowoffset0.2_error0.tsv
    jobid: 4
    reason: Missing output files: results/conclusion_N10_I5_len100_peptide14_overlap4_ep_length8_nproteins1_muoff0_sigmaoff1_mun0_sigman1_r1_sigmapr1_sigmanr1_lowoffset0.2_error0.tsv
    wildcards: n_pools=10, iters=5, len_lst=100, pep_length=14, overlap=4, ep_length=8, n_proteins=1, mu_off=0, sigma_off=1, mu_n=0, sigma_n=1, r=1, sigma_p_r=1, sigma_n_r=1, low_offset=0.2, error=0
    resources: tmpdir=/var/folders/bb/6j1bt4dj4x15t9jtm7vlh6gh0000gp/T

[Thu Jul 11 13:34:30 2024]
Finished job 4.
1 of 10 steps (10%) done
Select jobs to execute...

[Thu Jul 11 13:34:30 2024]
rule sim_data:
    input: results/pooling_N10_I5_len100_peptide14_overlap4_ep_length8_nproteins1.tsv
    output: results/simulation_N10_I5_len100_peptide14_overlap4_ep_length8_nproteins1_muoff0_sigmaoff1_mun0_sigman1_r1_sigmapr1_sigmanr1_lowoffset0.2_error1.tsv, results/simparams_N10_I5_len100_peptide14_overlap4_ep_length8_nproteins1_muoff0_sigmaoff1_mun0_sigman1_r1_sigmapr1_sigmanr1_lowoffset0.2_error1.tsv
    jobid: 10
    reason: Missing output files: results/simulation_N10_I5_len100_peptide14_overlap4_ep_length8_nproteins1_muoff0_sigmaoff1_mun0_sigman1_r1_sigmapr1_sigmanr1_lowoffset0.2_error1.tsv, results/simparams_N10_I5_len100_peptide14_overlap4_ep_length8_nproteins1_muoff0_sigmaoff1_mun0_sigman1_r1_sigmapr1_sigmanr1_lowoffset0.2_error1.tsv
    wildcards: n_pools=10, iters=5, len_lst=100, pep_length=14, overlap=4, ep_length=8, n_proteins=1, mu_off=0, sigma_off=1, mu_n=0, sigma_n=1, r=1, sigma_p_r=1, sigma_n_r=1, low_offset=0.2, error=1
    resources: tmpdir=/var/folders/bb/6j1bt4dj4x15t9jtm7vlh6gh0000gp/T

[Thu Jul 11 13:38:01 2024]
Finished job 10.
2 of 10 steps (20%) done
Select jobs to execute...

[Thu Jul 11 13:38:01 2024]
rule evaluate_data:
    input: results/pooling_N10_I5_len100_peptide14_overlap4_ep_length8_nproteins1.tsv, results/simulation_N10_I5_len100_peptide14_overlap4_ep_length8_nproteins1_muoff0_sigmaoff1_mun0_sigman1_r1_sigmapr1_sigmanr1_lowoffset0.2_error1.tsv, results/simparams_N10_I5_len100_peptide14_overlap4_ep_length8_nproteins1_muoff0_sigmaoff1_mun0_sigman1_r1_sigmapr1_sigmanr1_lowoffset0.2_error1.tsv
    output: results/conclusion_N10_I5_len100_peptide14_overlap4_ep_length8_nproteins1_muoff0_sigmaoff1_mun0_sigman1_r1_sigmapr1_sigmanr1_lowoffset0.2_error1.tsv
    jobid: 9
    reason: Missing output files: results/conclusion_N10_I5_len100_peptide14_overlap4_ep_length8_nproteins1_muoff0_sigmaoff1_mun0_sigman1_r1_sigmapr1_sigmanr1_lowoffset0.2_error1.tsv; Input files updated by another job: results/simulation_N10_I5_len100_peptide14_overlap4_ep_length8_nproteins1_muoff0_sigmaoff1_mun0_sigman1_r1_sigmapr1_sigmanr1_lowoffset0.2_error1.tsv, results/simparams_N10_I5_len100_peptide14_overlap4_ep_length8_nproteins1_muoff0_sigmaoff1_mun0_sigman1_r1_sigmapr1_sigmanr1_lowoffset0.2_error1.tsv
    wildcards: n_pools=10, iters=5, len_lst=100, pep_length=14, overlap=4, ep_length=8, n_proteins=1, mu_off=0, sigma_off=1, mu_n=0, sigma_n=1, r=1, sigma_p_r=1, sigma_n_r=1, low_offset=0.2, error=1
    resources: tmpdir=/var/folders/bb/6j1bt4dj4x15t9jtm7vlh6gh0000gp/T

[Thu Jul 11 13:41:08 2024]
Finished job 9.
3 of 10 steps (30%) done
Select jobs to execute...

[Thu Jul 11 13:41:08 2024]
rule pooling_scheme:
    output: results/pooling_N10_I4_len100_peptide14_overlap4_ep_length8_nproteins1.tsv
    jobid: 2
    reason: Missing output files: results/pooling_N10_I4_len100_peptide14_overlap4_ep_length8_nproteins1.tsv
    wildcards: n_pools=10, iters=4, len_lst=100, pep_length=14, overlap=4, ep_length=8, n_proteins=1
    resources: tmpdir=/var/folders/bb/6j1bt4dj4x15t9jtm7vlh6gh0000gp/T

[Thu Jul 11 13:41:18 2024]
Finished job 2.
4 of 10 steps (40%) done
Select jobs to execute...

[Thu Jul 11 13:41:18 2024]
rule sim_data:
    input: results/pooling_N10_I4_len100_peptide14_overlap4_ep_length8_nproteins1.tsv
    output: results/simulation_N10_I4_len100_peptide14_overlap4_ep_length8_nproteins1_muoff0_sigmaoff1_mun0_sigman1_r1_sigmapr1_sigmanr1_lowoffset0.2_error1.tsv, results/simparams_N10_I4_len100_peptide14_overlap4_ep_length8_nproteins1_muoff0_sigmaoff1_mun0_sigman1_r1_sigmapr1_sigmanr1_lowoffset0.2_error1.tsv
    jobid: 8
    reason: Missing output files: results/simulation_N10_I4_len100_peptide14_overlap4_ep_length8_nproteins1_muoff0_sigmaoff1_mun0_sigman1_r1_sigmapr1_sigmanr1_lowoffset0.2_error1.tsv, results/simparams_N10_I4_len100_peptide14_overlap4_ep_length8_nproteins1_muoff0_sigmaoff1_mun0_sigman1_r1_sigmapr1_sigmanr1_lowoffset0.2_error1.tsv; Input files updated by another job: results/pooling_N10_I4_len100_peptide14_overlap4_ep_length8_nproteins1.tsv
    wildcards: n_pools=10, iters=4, len_lst=100, pep_length=14, overlap=4, ep_length=8, n_proteins=1, mu_off=0, sigma_off=1, mu_n=0, sigma_n=1, r=1, sigma_p_r=1, sigma_n_r=1, low_offset=0.2, error=1
    resources: tmpdir=/var/folders/bb/6j1bt4dj4x15t9jtm7vlh6gh0000gp/T

[Thu Jul 11 13:44:52 2024]
Finished job 8.
5 of 10 steps (50%) done
Select jobs to execute...

[Thu Jul 11 13:44:52 2024]
rule evaluate_data:
    input: results/pooling_N10_I4_len100_peptide14_overlap4_ep_length8_nproteins1.tsv, results/simulation_N10_I4_len100_peptide14_overlap4_ep_length8_nproteins1_muoff0_sigmaoff1_mun0_sigman1_r1_sigmapr1_sigmanr1_lowoffset0.2_error1.tsv, results/simparams_N10_I4_len100_peptide14_overlap4_ep_length8_nproteins1_muoff0_sigmaoff1_mun0_sigman1_r1_sigmapr1_sigmanr1_lowoffset0.2_error1.tsv
    output: results/conclusion_N10_I4_len100_peptide14_overlap4_ep_length8_nproteins1_muoff0_sigmaoff1_mun0_sigman1_r1_sigmapr1_sigmanr1_lowoffset0.2_error1.tsv
    jobid: 7
    reason: Missing output files: results/conclusion_N10_I4_len100_peptide14_overlap4_ep_length8_nproteins1_muoff0_sigmaoff1_mun0_sigman1_r1_sigmapr1_sigmanr1_lowoffset0.2_error1.tsv; Input files updated by another job: results/simulation_N10_I4_len100_peptide14_overlap4_ep_length8_nproteins1_muoff0_sigmaoff1_mun0_sigman1_r1_sigmapr1_sigmanr1_lowoffset0.2_error1.tsv, results/simparams_N10_I4_len100_peptide14_overlap4_ep_length8_nproteins1_muoff0_sigmaoff1_mun0_sigman1_r1_sigmapr1_sigmanr1_lowoffset0.2_error1.tsv, results/pooling_N10_I4_len100_peptide14_overlap4_ep_length8_nproteins1.tsv
    wildcards: n_pools=10, iters=4, len_lst=100, pep_length=14, overlap=4, ep_length=8, n_proteins=1, mu_off=0, sigma_off=1, mu_n=0, sigma_n=1, r=1, sigma_p_r=1, sigma_n_r=1, low_offset=0.2, error=1
    resources: tmpdir=/var/folders/bb/6j1bt4dj4x15t9jtm7vlh6gh0000gp/T

[Thu Jul 11 13:47:57 2024]
Finished job 7.
6 of 10 steps (60%) done
Select jobs to execute...

[Thu Jul 11 13:47:57 2024]
rule sim_data:
    input: results/pooling_N10_I4_len100_peptide14_overlap4_ep_length8_nproteins1.tsv
    output: results/simulation_N10_I4_len100_peptide14_overlap4_ep_length8_nproteins1_muoff0_sigmaoff1_mun0_sigman1_r1_sigmapr1_sigmanr1_lowoffset0.2_error0.tsv, results/simparams_N10_I4_len100_peptide14_overlap4_ep_length8_nproteins1_muoff0_sigmaoff1_mun0_sigman1_r1_sigmapr1_sigmanr1_lowoffset0.2_error0.tsv
    jobid: 3
    reason: Missing output files: results/simparams_N10_I4_len100_peptide14_overlap4_ep_length8_nproteins1_muoff0_sigmaoff1_mun0_sigman1_r1_sigmapr1_sigmanr1_lowoffset0.2_error0.tsv, results/simulation_N10_I4_len100_peptide14_overlap4_ep_length8_nproteins1_muoff0_sigmaoff1_mun0_sigman1_r1_sigmapr1_sigmanr1_lowoffset0.2_error0.tsv; Input files updated by another job: results/pooling_N10_I4_len100_peptide14_overlap4_ep_length8_nproteins1.tsv
    wildcards: n_pools=10, iters=4, len_lst=100, pep_length=14, overlap=4, ep_length=8, n_proteins=1, mu_off=0, sigma_off=1, mu_n=0, sigma_n=1, r=1, sigma_p_r=1, sigma_n_r=1, low_offset=0.2, error=0
    resources: tmpdir=/var/folders/bb/6j1bt4dj4x15t9jtm7vlh6gh0000gp/T

[Thu Jul 11 13:51:23 2024]
Finished job 3.
7 of 10 steps (70%) done
Select jobs to execute...

[Thu Jul 11 13:51:23 2024]
rule evaluate_data:
    input: results/pooling_N10_I4_len100_peptide14_overlap4_ep_length8_nproteins1.tsv, results/simulation_N10_I4_len100_peptide14_overlap4_ep_length8_nproteins1_muoff0_sigmaoff1_mun0_sigman1_r1_sigmapr1_sigmanr1_lowoffset0.2_error0.tsv, results/simparams_N10_I4_len100_peptide14_overlap4_ep_length8_nproteins1_muoff0_sigmaoff1_mun0_sigman1_r1_sigmapr1_sigmanr1_lowoffset0.2_error0.tsv
    output: results/conclusion_N10_I4_len100_peptide14_overlap4_ep_length8_nproteins1_muoff0_sigmaoff1_mun0_sigman1_r1_sigmapr1_sigmanr1_lowoffset0.2_error0.tsv
    jobid: 1
    reason: Missing output files: results/conclusion_N10_I4_len100_peptide14_overlap4_ep_length8_nproteins1_muoff0_sigmaoff1_mun0_sigman1_r1_sigmapr1_sigmanr1_lowoffset0.2_error0.tsv; Input files updated by another job: results/simparams_N10_I4_len100_peptide14_overlap4_ep_length8_nproteins1_muoff0_sigmaoff1_mun0_sigman1_r1_sigmapr1_sigmanr1_lowoffset0.2_error0.tsv, results/simulation_N10_I4_len100_peptide14_overlap4_ep_length8_nproteins1_muoff0_sigmaoff1_mun0_sigman1_r1_sigmapr1_sigmanr1_lowoffset0.2_error0.tsv, results/pooling_N10_I4_len100_peptide14_overlap4_ep_length8_nproteins1.tsv
    wildcards: n_pools=10, iters=4, len_lst=100, pep_length=14, overlap=4, ep_length=8, n_proteins=1, mu_off=0, sigma_off=1, mu_n=0, sigma_n=1, r=1, sigma_p_r=1, sigma_n_r=1, low_offset=0.2, error=0
    resources: tmpdir=/var/folders/bb/6j1bt4dj4x15t9jtm7vlh6gh0000gp/T

[Thu Jul 11 13:54:28 2024]
Finished job 1.
8 of 10 steps (80%) done
Select jobs to execute...

[Thu Jul 11 13:54:28 2024]
rule collect:
    input: results/conclusion_N10_I4_len100_peptide14_overlap4_ep_length8_nproteins1_muoff0_sigmaoff1_mun0_sigman1_r1_sigmapr1_sigmanr1_lowoffset0.2_error0.tsv, results/conclusion_N10_I5_len100_peptide14_overlap4_ep_length8_nproteins1_muoff0_sigmaoff1_mun0_sigman1_r1_sigmapr1_sigmanr1_lowoffset0.2_error0.tsv, results/conclusion_N10_I4_len100_peptide14_overlap4_ep_length8_nproteins1_muoff0_sigmaoff1_mun0_sigman1_r1_sigmapr1_sigmanr1_lowoffset0.2_error1.tsv, results/conclusion_N10_I5_len100_peptide14_overlap4_ep_length8_nproteins1_muoff0_sigmaoff1_mun0_sigman1_r1_sigmapr1_sigmanr1_lowoffset0.2_error1.tsv
    output: results/summary_results.tsv
    jobid: 11
    reason: Missing output files: results/summary_results.tsv; Input files updated by another job: results/conclusion_N10_I4_len100_peptide14_overlap4_ep_length8_nproteins1_muoff0_sigmaoff1_mun0_sigman1_r1_sigmapr1_sigmanr1_lowoffset0.2_error0.tsv, results/conclusion_N10_I5_len100_peptide14_overlap4_ep_length8_nproteins1_muoff0_sigmaoff1_mun0_sigman1_r1_sigmapr1_sigmanr1_lowoffset0.2_error1.tsv, results/conclusion_N10_I4_len100_peptide14_overlap4_ep_length8_nproteins1_muoff0_sigmaoff1_mun0_sigman1_r1_sigmapr1_sigmanr1_lowoffset0.2_error1.tsv, results/conclusion_N10_I5_len100_peptide14_overlap4_ep_length8_nproteins1_muoff0_sigmaoff1_mun0_sigman1_r1_sigmapr1_sigmanr1_lowoffset0.2_error0.tsv
    resources: tmpdir=/var/folders/bb/6j1bt4dj4x15t9jtm7vlh6gh0000gp/T

[Thu Jul 11 13:54:29 2024]
Finished job 11.
9 of 10 steps (90%) done
Select jobs to execute...

[Thu Jul 11 13:54:29 2024]
localrule all:
    input: results/conclusion_N10_I4_len100_peptide14_overlap4_ep_length8_nproteins1_muoff0_sigmaoff1_mun0_sigman1_r1_sigmapr1_sigmanr1_lowoffset0.2_error0.tsv, results/conclusion_N10_I5_len100_peptide14_overlap4_ep_length8_nproteins1_muoff0_sigmaoff1_mun0_sigman1_r1_sigmapr1_sigmanr1_lowoffset0.2_error0.tsv, results/conclusion_N10_I4_len100_peptide14_overlap4_ep_length8_nproteins1_muoff0_sigmaoff1_mun0_sigman1_r1_sigmapr1_sigmanr1_lowoffset0.2_error1.tsv, results/conclusion_N10_I5_len100_peptide14_overlap4_ep_length8_nproteins1_muoff0_sigmaoff1_mun0_sigman1_r1_sigmapr1_sigmanr1_lowoffset0.2_error1.tsv, results/summary_results.tsv
    jobid: 0
    reason: Input files updated by another job: results/conclusion_N10_I4_len100_peptide14_overlap4_ep_length8_nproteins1_muoff0_sigmaoff1_mun0_sigman1_r1_sigmapr1_sigmanr1_lowoffset0.2_error0.tsv, results/conclusion_N10_I4_len100_peptide14_overlap4_ep_length8_nproteins1_muoff0_sigmaoff1_mun0_sigman1_r1_sigmapr1_sigmanr1_lowoffset0.2_error1.tsv, results/conclusion_N10_I5_len100_peptide14_overlap4_ep_length8_nproteins1_muoff0_sigmaoff1_mun0_sigman1_r1_sigmapr1_sigmanr1_lowoffset0.2_error0.tsv, results/conclusion_N10_I5_len100_peptide14_overlap4_ep_length8_nproteins1_muoff0_sigmaoff1_mun0_sigman1_r1_sigmapr1_sigmanr1_lowoffset0.2_error1.tsv, results/summary_results.tsv
    resources: tmpdir=/var/folders/bb/6j1bt4dj4x15t9jtm7vlh6gh0000gp/T

[Thu Jul 11 13:54:29 2024]
Finished job 0.
10 of 10 steps (100%) done
Complete log: .snakemake/log/2024-07-11T133355.382629.snakemake.log
