Building DAG of jobs...
Using shell: /bin/bash
Provided cores: 1 (use --cores to define parallelism)
Rules claiming more threads will be scaled down.
Job stats:
job               count
--------------  -------
all                   1
collect               1
evaluate_data         2
pooling_scheme        2
sim_data              2
total                 8

Select jobs to execute...

[Tue Feb 20 16:42:05 2024]
rule pooling_scheme:
    output: results/pooling_N10_I4_len100_peptide12_overlap4_ep_length8_nproteins1.tsv
    jobid: 2
    reason: Missing output files: results/pooling_N10_I4_len100_peptide12_overlap4_ep_length8_nproteins1.tsv
    wildcards: n_pools=10, iters=4, len_lst=100, pep_length=12, overlap=4, ep_length=8, n_proteins=1
    resources: tmpdir=/var/folders/bb/6j1bt4dj4x15t9jtm7vlh6gh0000gp/T

[Tue Feb 20 16:42:12 2024]
Finished job 2.
1 of 8 steps (12%) done
Select jobs to execute...

[Tue Feb 20 16:42:12 2024]
rule sim_data:
    input: results/pooling_N10_I4_len100_peptide12_overlap4_ep_length8_nproteins1.tsv
    output: results/simulation_N10_I4_len100_peptide12_overlap4_ep_length8_nproteins1_muoff20_sigmaoff1_mun0_sigman1_r2_sigmapr3_sigmanr3_lowoffset0.6_error0.tsv
    jobid: 3
    reason: Missing output files: results/simulation_N10_I4_len100_peptide12_overlap4_ep_length8_nproteins1_muoff20_sigmaoff1_mun0_sigman1_r2_sigmapr3_sigmanr3_lowoffset0.6_error0.tsv; Input files updated by another job: results/pooling_N10_I4_len100_peptide12_overlap4_ep_length8_nproteins1.tsv
    wildcards: n_pools=10, iters=4, len_lst=100, pep_length=12, overlap=4, ep_length=8, n_proteins=1, mu_off=20, sigma_off=1, mu_n=0, sigma_n=1, r=2, sigma_p_r=3, sigma_n_r=3, low_offset=0.6, error=0
    resources: tmpdir=/var/folders/bb/6j1bt4dj4x15t9jtm7vlh6gh0000gp/T

[Tue Feb 20 16:43:24 2024]
Finished job 3.
2 of 8 steps (25%) done
Select jobs to execute...

[Tue Feb 20 16:43:24 2024]
rule evaluate_data:
    input: results/pooling_N10_I4_len100_peptide12_overlap4_ep_length8_nproteins1.tsv, results/simulation_N10_I4_len100_peptide12_overlap4_ep_length8_nproteins1_muoff20_sigmaoff1_mun0_sigman1_r2_sigmapr3_sigmanr3_lowoffset0.6_error0.tsv
    output: results/conclusion_N10_I4_len100_peptide12_overlap4_ep_length8_nproteins1_muoff20_sigmaoff1_mun0_sigman1_r2_sigmapr3_sigmanr3_lowoffset0.6_error0.tsv
    jobid: 1
    reason: Missing output files: results/conclusion_N10_I4_len100_peptide12_overlap4_ep_length8_nproteins1_muoff20_sigmaoff1_mun0_sigman1_r2_sigmapr3_sigmanr3_lowoffset0.6_error0.tsv; Input files updated by another job: results/pooling_N10_I4_len100_peptide12_overlap4_ep_length8_nproteins1.tsv, results/simulation_N10_I4_len100_peptide12_overlap4_ep_length8_nproteins1_muoff20_sigmaoff1_mun0_sigman1_r2_sigmapr3_sigmanr3_lowoffset0.6_error0.tsv
    wildcards: n_pools=10, iters=4, len_lst=100, pep_length=12, overlap=4, ep_length=8, n_proteins=1, mu_off=20, sigma_off=1, mu_n=0, sigma_n=1, r=2, sigma_p_r=3, sigma_n_r=3, low_offset=0.6, error=0
    resources: tmpdir=/var/folders/bb/6j1bt4dj4x15t9jtm7vlh6gh0000gp/T

[Tue Feb 20 16:43:50 2024]
Finished job 1.
3 of 8 steps (38%) done
Select jobs to execute...

[Tue Feb 20 16:43:50 2024]
rule pooling_scheme:
    output: results/pooling_N10_I5_len100_peptide12_overlap4_ep_length8_nproteins1.tsv
    jobid: 5
    reason: Missing output files: results/pooling_N10_I5_len100_peptide12_overlap4_ep_length8_nproteins1.tsv
    wildcards: n_pools=10, iters=5, len_lst=100, pep_length=12, overlap=4, ep_length=8, n_proteins=1
    resources: tmpdir=/var/folders/bb/6j1bt4dj4x15t9jtm7vlh6gh0000gp/T

[Tue Feb 20 16:43:58 2024]
Finished job 5.
4 of 8 steps (50%) done
Select jobs to execute...

[Tue Feb 20 16:43:58 2024]
rule sim_data:
    input: results/pooling_N10_I5_len100_peptide12_overlap4_ep_length8_nproteins1.tsv
    output: results/simulation_N10_I5_len100_peptide12_overlap4_ep_length8_nproteins1_muoff20_sigmaoff1_mun0_sigman1_r2_sigmapr3_sigmanr3_lowoffset0.6_error0.tsv
    jobid: 6
    reason: Missing output files: results/simulation_N10_I5_len100_peptide12_overlap4_ep_length8_nproteins1_muoff20_sigmaoff1_mun0_sigman1_r2_sigmapr3_sigmanr3_lowoffset0.6_error0.tsv; Input files updated by another job: results/pooling_N10_I5_len100_peptide12_overlap4_ep_length8_nproteins1.tsv
    wildcards: n_pools=10, iters=5, len_lst=100, pep_length=12, overlap=4, ep_length=8, n_proteins=1, mu_off=20, sigma_off=1, mu_n=0, sigma_n=1, r=2, sigma_p_r=3, sigma_n_r=3, low_offset=0.6, error=0
    resources: tmpdir=/var/folders/bb/6j1bt4dj4x15t9jtm7vlh6gh0000gp/T

[Tue Feb 20 16:45:12 2024]
Finished job 6.
5 of 8 steps (62%) done
Select jobs to execute...

[Tue Feb 20 16:45:12 2024]
rule evaluate_data:
    input: results/pooling_N10_I5_len100_peptide12_overlap4_ep_length8_nproteins1.tsv, results/simulation_N10_I5_len100_peptide12_overlap4_ep_length8_nproteins1_muoff20_sigmaoff1_mun0_sigman1_r2_sigmapr3_sigmanr3_lowoffset0.6_error0.tsv
    output: results/conclusion_N10_I5_len100_peptide12_overlap4_ep_length8_nproteins1_muoff20_sigmaoff1_mun0_sigman1_r2_sigmapr3_sigmanr3_lowoffset0.6_error0.tsv
    jobid: 4
    reason: Missing output files: results/conclusion_N10_I5_len100_peptide12_overlap4_ep_length8_nproteins1_muoff20_sigmaoff1_mun0_sigman1_r2_sigmapr3_sigmanr3_lowoffset0.6_error0.tsv; Input files updated by another job: results/simulation_N10_I5_len100_peptide12_overlap4_ep_length8_nproteins1_muoff20_sigmaoff1_mun0_sigman1_r2_sigmapr3_sigmanr3_lowoffset0.6_error0.tsv, results/pooling_N10_I5_len100_peptide12_overlap4_ep_length8_nproteins1.tsv
    wildcards: n_pools=10, iters=5, len_lst=100, pep_length=12, overlap=4, ep_length=8, n_proteins=1, mu_off=20, sigma_off=1, mu_n=0, sigma_n=1, r=2, sigma_p_r=3, sigma_n_r=3, low_offset=0.6, error=0
    resources: tmpdir=/var/folders/bb/6j1bt4dj4x15t9jtm7vlh6gh0000gp/T

[Tue Feb 20 16:45:39 2024]
Finished job 4.
6 of 8 steps (75%) done
Select jobs to execute...

[Tue Feb 20 16:45:39 2024]
rule collect:
    input: results/conclusion_N10_I4_len100_peptide12_overlap4_ep_length8_nproteins1_muoff20_sigmaoff1_mun0_sigman1_r2_sigmapr3_sigmanr3_lowoffset0.6_error0.tsv, results/conclusion_N10_I5_len100_peptide12_overlap4_ep_length8_nproteins1_muoff20_sigmaoff1_mun0_sigman1_r2_sigmapr3_sigmanr3_lowoffset0.6_error0.tsv
    output: results/summary_results.tsv
    jobid: 7
    reason: Missing output files: results/summary_results.tsv; Input files updated by another job: results/conclusion_N10_I4_len100_peptide12_overlap4_ep_length8_nproteins1_muoff20_sigmaoff1_mun0_sigman1_r2_sigmapr3_sigmanr3_lowoffset0.6_error0.tsv, results/conclusion_N10_I5_len100_peptide12_overlap4_ep_length8_nproteins1_muoff20_sigmaoff1_mun0_sigman1_r2_sigmapr3_sigmanr3_lowoffset0.6_error0.tsv
    resources: tmpdir=/var/folders/bb/6j1bt4dj4x15t9jtm7vlh6gh0000gp/T

[Tue Feb 20 16:45:40 2024]
Finished job 7.
7 of 8 steps (88%) done
Select jobs to execute...

[Tue Feb 20 16:45:40 2024]
localrule all:
    input: results/conclusion_N10_I4_len100_peptide12_overlap4_ep_length8_nproteins1_muoff20_sigmaoff1_mun0_sigman1_r2_sigmapr3_sigmanr3_lowoffset0.6_error0.tsv, results/conclusion_N10_I5_len100_peptide12_overlap4_ep_length8_nproteins1_muoff20_sigmaoff1_mun0_sigman1_r2_sigmapr3_sigmanr3_lowoffset0.6_error0.tsv, results/summary_results.tsv
    jobid: 0
    reason: Input files updated by another job: results/conclusion_N10_I4_len100_peptide12_overlap4_ep_length8_nproteins1_muoff20_sigmaoff1_mun0_sigman1_r2_sigmapr3_sigmanr3_lowoffset0.6_error0.tsv, results/conclusion_N10_I5_len100_peptide12_overlap4_ep_length8_nproteins1_muoff20_sigmaoff1_mun0_sigman1_r2_sigmapr3_sigmanr3_lowoffset0.6_error0.tsv, results/summary_results.tsv
    resources: tmpdir=/var/folders/bb/6j1bt4dj4x15t9jtm7vlh6gh0000gp/T

[Tue Feb 20 16:45:40 2024]
Finished job 0.
8 of 8 steps (100%) done
Complete log: .snakemake/log/2024-02-20T164159.532533.snakemake.log
