Building DAG of jobs...
Using shell: /bin/bash
Provided cores: 4
Rules claiming more threads will be scaled down.
Job stats:
job               count
--------------  -------
all                   1
collect               1
evaluate_data         5
pooling_scheme        1
sim_data              1
total                 9

Select jobs to execute...

[Thu Jan 18 15:43:07 2024]
rule evaluate_data:
    input: results/pooling_N12_I6_len200_peptide17_overlap5_ep_length8.tsv, results/simulation_N12_I6_len200_peptide17_overlap5_ep_length8_muoff10_sigmaoff1.0_mun5_sigman1.0_r3_sigmapr0.1_sigmanr1_lowoffset0.6.tsv
    output: results/conclusion_N12_I6_len200_peptide17_overlap5_ep_length8_muoff10_sigmaoff1.0_mun5_sigman1.0_r3_sigmapr0.1_sigmanr1_lowoffset0.6.tsv
    jobid: 7
    reason: Missing output files: results/conclusion_N12_I6_len200_peptide17_overlap5_ep_length8_muoff10_sigmaoff1.0_mun5_sigman1.0_r3_sigmapr0.1_sigmanr1_lowoffset0.6.tsv
    wildcards: n_pools=12, iters=6, len_lst=200, pep_length=17, overlap=5, ep_length=8, mu_off=10, sigma_off=1.0, mu_n=5, sigma_n=1.0, r=3, sigma_p_r=0.1, sigma_n_r=1, low_offset=0.6
    resources: tmpdir=/var/folders/bb/6j1bt4dj4x15t9jtm7vlh6gh0000gp/T


[Thu Jan 18 15:43:07 2024]
rule evaluate_data:
    input: results/pooling_N12_I4_len200_peptide17_overlap5_ep_length8.tsv, results/simulation_N12_I4_len200_peptide17_overlap5_ep_length8_muoff10_sigmaoff1.0_mun5_sigman1.0_r3_sigmapr0.1_sigmanr1_lowoffset0.6.tsv
    output: results/conclusion_N12_I4_len200_peptide17_overlap5_ep_length8_muoff10_sigmaoff1.0_mun5_sigman1.0_r3_sigmapr0.1_sigmanr1_lowoffset0.6.tsv
    jobid: 1
    reason: Missing output files: results/conclusion_N12_I4_len200_peptide17_overlap5_ep_length8_muoff10_sigmaoff1.0_mun5_sigman1.0_r3_sigmapr0.1_sigmanr1_lowoffset0.6.tsv
    wildcards: n_pools=12, iters=4, len_lst=200, pep_length=17, overlap=5, ep_length=8, mu_off=10, sigma_off=1.0, mu_n=5, sigma_n=1.0, r=3, sigma_p_r=0.1, sigma_n_r=1, low_offset=0.6
    resources: tmpdir=/var/folders/bb/6j1bt4dj4x15t9jtm7vlh6gh0000gp/T


[Thu Jan 18 15:43:07 2024]
rule evaluate_data:
    input: results/pooling_N12_I5_len200_peptide17_overlap5_ep_length8.tsv, results/simulation_N12_I5_len200_peptide17_overlap5_ep_length8_muoff10_sigmaoff1.0_mun5_sigman1.0_r3_sigmapr0.1_sigmanr1_lowoffset0.6.tsv
    output: results/conclusion_N12_I5_len200_peptide17_overlap5_ep_length8_muoff10_sigmaoff1.0_mun5_sigman1.0_r3_sigmapr0.1_sigmanr1_lowoffset0.6.tsv
    jobid: 4
    reason: Missing output files: results/conclusion_N12_I5_len200_peptide17_overlap5_ep_length8_muoff10_sigmaoff1.0_mun5_sigman1.0_r3_sigmapr0.1_sigmanr1_lowoffset0.6.tsv
    wildcards: n_pools=12, iters=5, len_lst=200, pep_length=17, overlap=5, ep_length=8, mu_off=10, sigma_off=1.0, mu_n=5, sigma_n=1.0, r=3, sigma_p_r=0.1, sigma_n_r=1, low_offset=0.6
    resources: tmpdir=/var/folders/bb/6j1bt4dj4x15t9jtm7vlh6gh0000gp/T


[Thu Jan 18 15:43:07 2024]
rule evaluate_data:
    input: results/pooling_N12_I8_len200_peptide17_overlap5_ep_length8.tsv, results/simulation_N12_I8_len200_peptide17_overlap5_ep_length8_muoff10_sigmaoff1.0_mun5_sigman1.0_r3_sigmapr0.1_sigmanr1_lowoffset0.6.tsv
    output: results/conclusion_N12_I8_len200_peptide17_overlap5_ep_length8_muoff10_sigmaoff1.0_mun5_sigman1.0_r3_sigmapr0.1_sigmanr1_lowoffset0.6.tsv
    jobid: 13
    reason: Missing output files: results/conclusion_N12_I8_len200_peptide17_overlap5_ep_length8_muoff10_sigmaoff1.0_mun5_sigman1.0_r3_sigmapr0.1_sigmanr1_lowoffset0.6.tsv
    wildcards: n_pools=12, iters=8, len_lst=200, pep_length=17, overlap=5, ep_length=8, mu_off=10, sigma_off=1.0, mu_n=5, sigma_n=1.0, r=3, sigma_p_r=0.1, sigma_n_r=1, low_offset=0.6
    resources: tmpdir=/var/folders/bb/6j1bt4dj4x15t9jtm7vlh6gh0000gp/T

[Thu Jan 18 15:43:38 2024]
Error in rule evaluate_data:
    jobid: 1
    input: results/pooling_N12_I4_len200_peptide17_overlap5_ep_length8.tsv, results/simulation_N12_I4_len200_peptide17_overlap5_ep_length8_muoff10_sigmaoff1.0_mun5_sigman1.0_r3_sigmapr0.1_sigmanr1_lowoffset0.6.tsv
    output: results/conclusion_N12_I4_len200_peptide17_overlap5_ep_length8_muoff10_sigmaoff1.0_mun5_sigman1.0_r3_sigmapr0.1_sigmanr1_lowoffset0.6.tsv
    shell:
        
		python scripts/evaluate_data.py 			-scheme results/pooling_N12_I4_len200_peptide17_overlap5_ep_length8.tsv 			-data results/simulation_N12_I4_len200_peptide17_overlap5_ep_length8_muoff10_sigmaoff1.0_mun5_sigman1.0_r3_sigmapr0.1_sigmanr1_lowoffset0.6.tsv 			-output results/conclusion_N12_I4_len200_peptide17_overlap5_ep_length8_muoff10_sigmaoff1.0_mun5_sigman1.0_r3_sigmapr0.1_sigmanr1_lowoffset0.6.tsv 			-n_pools 12 			-iters 4 			-len_lst 200 			-pep_length 17 			-overlap 5 			-ep_length 8 			-mu_off 10 			-sigma_off 1.0 			-mu_n 5 			-sigma_n 1.0 			-r 3
			-sigma_p_r 0.1 			-sigma_n_r 1 			-low_offset 0.6
			
        (one of the commands exited with non-zero exit code; note that snakemake uses bash strict mode!)

Removing output files of failed job evaluate_data since they might be corrupted:
results/conclusion_N12_I4_len200_peptide17_overlap5_ep_length8_muoff10_sigmaoff1.0_mun5_sigman1.0_r3_sigmapr0.1_sigmanr1_lowoffset0.6.tsv
[Thu Jan 18 15:43:38 2024]
Error in rule evaluate_data:
    jobid: 7
    input: results/pooling_N12_I6_len200_peptide17_overlap5_ep_length8.tsv, results/simulation_N12_I6_len200_peptide17_overlap5_ep_length8_muoff10_sigmaoff1.0_mun5_sigman1.0_r3_sigmapr0.1_sigmanr1_lowoffset0.6.tsv
    output: results/conclusion_N12_I6_len200_peptide17_overlap5_ep_length8_muoff10_sigmaoff1.0_mun5_sigman1.0_r3_sigmapr0.1_sigmanr1_lowoffset0.6.tsv
    shell:
        
		python scripts/evaluate_data.py 			-scheme results/pooling_N12_I6_len200_peptide17_overlap5_ep_length8.tsv 			-data results/simulation_N12_I6_len200_peptide17_overlap5_ep_length8_muoff10_sigmaoff1.0_mun5_sigman1.0_r3_sigmapr0.1_sigmanr1_lowoffset0.6.tsv 			-output results/conclusion_N12_I6_len200_peptide17_overlap5_ep_length8_muoff10_sigmaoff1.0_mun5_sigman1.0_r3_sigmapr0.1_sigmanr1_lowoffset0.6.tsv 			-n_pools 12 			-iters 6 			-len_lst 200 			-pep_length 17 			-overlap 5 			-ep_length 8 			-mu_off 10 			-sigma_off 1.0 			-mu_n 5 			-sigma_n 1.0 			-r 3
			-sigma_p_r 0.1 			-sigma_n_r 1 			-low_offset 0.6
			
        (one of the commands exited with non-zero exit code; note that snakemake uses bash strict mode!)

Removing output files of failed job evaluate_data since they might be corrupted:
results/conclusion_N12_I6_len200_peptide17_overlap5_ep_length8_muoff10_sigmaoff1.0_mun5_sigman1.0_r3_sigmapr0.1_sigmanr1_lowoffset0.6.tsv
[Thu Jan 18 15:43:39 2024]
Error in rule evaluate_data:
    jobid: 4
    input: results/pooling_N12_I5_len200_peptide17_overlap5_ep_length8.tsv, results/simulation_N12_I5_len200_peptide17_overlap5_ep_length8_muoff10_sigmaoff1.0_mun5_sigman1.0_r3_sigmapr0.1_sigmanr1_lowoffset0.6.tsv
    output: results/conclusion_N12_I5_len200_peptide17_overlap5_ep_length8_muoff10_sigmaoff1.0_mun5_sigman1.0_r3_sigmapr0.1_sigmanr1_lowoffset0.6.tsv
    shell:
        
		python scripts/evaluate_data.py 			-scheme results/pooling_N12_I5_len200_peptide17_overlap5_ep_length8.tsv 			-data results/simulation_N12_I5_len200_peptide17_overlap5_ep_length8_muoff10_sigmaoff1.0_mun5_sigman1.0_r3_sigmapr0.1_sigmanr1_lowoffset0.6.tsv 			-output results/conclusion_N12_I5_len200_peptide17_overlap5_ep_length8_muoff10_sigmaoff1.0_mun5_sigman1.0_r3_sigmapr0.1_sigmanr1_lowoffset0.6.tsv 			-n_pools 12 			-iters 5 			-len_lst 200 			-pep_length 17 			-overlap 5 			-ep_length 8 			-mu_off 10 			-sigma_off 1.0 			-mu_n 5 			-sigma_n 1.0 			-r 3
			-sigma_p_r 0.1 			-sigma_n_r 1 			-low_offset 0.6
			
        (one of the commands exited with non-zero exit code; note that snakemake uses bash strict mode!)

Removing output files of failed job evaluate_data since they might be corrupted:
results/conclusion_N12_I5_len200_peptide17_overlap5_ep_length8_muoff10_sigmaoff1.0_mun5_sigman1.0_r3_sigmapr0.1_sigmanr1_lowoffset0.6.tsv
[Thu Jan 18 15:43:41 2024]
Error in rule evaluate_data:
    jobid: 13
    input: results/pooling_N12_I8_len200_peptide17_overlap5_ep_length8.tsv, results/simulation_N12_I8_len200_peptide17_overlap5_ep_length8_muoff10_sigmaoff1.0_mun5_sigman1.0_r3_sigmapr0.1_sigmanr1_lowoffset0.6.tsv
    output: results/conclusion_N12_I8_len200_peptide17_overlap5_ep_length8_muoff10_sigmaoff1.0_mun5_sigman1.0_r3_sigmapr0.1_sigmanr1_lowoffset0.6.tsv
    shell:
        
		python scripts/evaluate_data.py 			-scheme results/pooling_N12_I8_len200_peptide17_overlap5_ep_length8.tsv 			-data results/simulation_N12_I8_len200_peptide17_overlap5_ep_length8_muoff10_sigmaoff1.0_mun5_sigman1.0_r3_sigmapr0.1_sigmanr1_lowoffset0.6.tsv 			-output results/conclusion_N12_I8_len200_peptide17_overlap5_ep_length8_muoff10_sigmaoff1.0_mun5_sigman1.0_r3_sigmapr0.1_sigmanr1_lowoffset0.6.tsv 			-n_pools 12 			-iters 8 			-len_lst 200 			-pep_length 17 			-overlap 5 			-ep_length 8 			-mu_off 10 			-sigma_off 1.0 			-mu_n 5 			-sigma_n 1.0 			-r 3
			-sigma_p_r 0.1 			-sigma_n_r 1 			-low_offset 0.6
			
        (one of the commands exited with non-zero exit code; note that snakemake uses bash strict mode!)

Removing output files of failed job evaluate_data since they might be corrupted:
results/conclusion_N12_I8_len200_peptide17_overlap5_ep_length8_muoff10_sigmaoff1.0_mun5_sigman1.0_r3_sigmapr0.1_sigmanr1_lowoffset0.6.tsv
Shutting down, this might take some time.
Exiting because a job execution failed. Look above for error message
Complete log: .snakemake/log/2024-01-18T154252.749187.snakemake.log
