Building DAG of jobs...
Using shell: /bin/bash
Provided cores: 1 (use --cores to define parallelism)
Rules claiming more threads will be scaled down.
Job stats:
job              count
-------------  -------
all                  1
collect              1
evaluate_data        2
sim_data             2
total                6

Select jobs to execute...

[Thu Jan 30 15:54:29 2025]
rule sim_data:
    input: results/pooling_N10_I5_len100_peptide14_overlap4_ep_length8_nproteins1.tsv
    output: results/simulation_N10_I5_len100_peptide14_overlap4_ep_length8_nproteins1_muoff50_sigmaoff3_mun0_sigman3_r3_sigmapr3_sigmanr3_lowoffset0.6_error0.tsv, results/simparams_N10_I5_len100_peptide14_overlap4_ep_length8_nproteins1_muoff50_sigmaoff3_mun0_sigman3_r3_sigmapr3_sigmanr3_lowoffset0.6_error0.tsv
    jobid: 6
    reason: Missing output files: results/simulation_N10_I5_len100_peptide14_overlap4_ep_length8_nproteins1_muoff50_sigmaoff3_mun0_sigman3_r3_sigmapr3_sigmanr3_lowoffset0.6_error0.tsv, results/simparams_N10_I5_len100_peptide14_overlap4_ep_length8_nproteins1_muoff50_sigmaoff3_mun0_sigman3_r3_sigmapr3_sigmanr3_lowoffset0.6_error0.tsv
    wildcards: n_pools=10, iters=5, len_lst=100, pep_length=14, overlap=4, ep_length=8, n_proteins=1, mu_off=50, sigma_off=3, mu_n=0, sigma_n=3, r=3, sigma_p_r=3, sigma_n_r=3, low_offset=0.6, error=0
    resources: tmpdir=/var/folders/bb/6j1bt4dj4x15t9jtm7vlh6gh0000gp/T

[Thu Jan 30 15:57:28 2025]
Finished job 6.
1 of 6 steps (17%) done
Select jobs to execute...

[Thu Jan 30 15:57:28 2025]
rule sim_data:
    input: results/pooling_N10_I4_len100_peptide14_overlap4_ep_length8_nproteins1.tsv
    output: results/simulation_N10_I4_len100_peptide14_overlap4_ep_length8_nproteins1_muoff50_sigmaoff3_mun0_sigman3_r3_sigmapr3_sigmanr3_lowoffset0.6_error0.tsv, results/simparams_N10_I4_len100_peptide14_overlap4_ep_length8_nproteins1_muoff50_sigmaoff3_mun0_sigman3_r3_sigmapr3_sigmanr3_lowoffset0.6_error0.tsv
    jobid: 3
    reason: Missing output files: results/simulation_N10_I4_len100_peptide14_overlap4_ep_length8_nproteins1_muoff50_sigmaoff3_mun0_sigman3_r3_sigmapr3_sigmanr3_lowoffset0.6_error0.tsv, results/simparams_N10_I4_len100_peptide14_overlap4_ep_length8_nproteins1_muoff50_sigmaoff3_mun0_sigman3_r3_sigmapr3_sigmanr3_lowoffset0.6_error0.tsv
    wildcards: n_pools=10, iters=4, len_lst=100, pep_length=14, overlap=4, ep_length=8, n_proteins=1, mu_off=50, sigma_off=3, mu_n=0, sigma_n=3, r=3, sigma_p_r=3, sigma_n_r=3, low_offset=0.6, error=0
    resources: tmpdir=/var/folders/bb/6j1bt4dj4x15t9jtm7vlh6gh0000gp/T

[Thu Jan 30 16:00:36 2025]
Finished job 3.
2 of 6 steps (33%) done
Select jobs to execute...

[Thu Jan 30 16:00:36 2025]
rule evaluate_data:
    input: results/pooling_N10_I5_len100_peptide14_overlap4_ep_length8_nproteins1.tsv, results/simulation_N10_I5_len100_peptide14_overlap4_ep_length8_nproteins1_muoff50_sigmaoff3_mun0_sigman3_r3_sigmapr3_sigmanr3_lowoffset0.6_error0.tsv, results/simparams_N10_I5_len100_peptide14_overlap4_ep_length8_nproteins1_muoff50_sigmaoff3_mun0_sigman3_r3_sigmapr3_sigmanr3_lowoffset0.6_error0.tsv
    output: results/conclusion_N10_I5_len100_peptide14_overlap4_ep_length8_nproteins1_muoff50_sigmaoff3_mun0_sigman3_r3_sigmapr3_sigmanr3_lowoffset0.6_error0.tsv
    jobid: 4
    reason: Missing output files: results/conclusion_N10_I5_len100_peptide14_overlap4_ep_length8_nproteins1_muoff50_sigmaoff3_mun0_sigman3_r3_sigmapr3_sigmanr3_lowoffset0.6_error0.tsv; Input files updated by another job: results/simulation_N10_I5_len100_peptide14_overlap4_ep_length8_nproteins1_muoff50_sigmaoff3_mun0_sigman3_r3_sigmapr3_sigmanr3_lowoffset0.6_error0.tsv, results/simparams_N10_I5_len100_peptide14_overlap4_ep_length8_nproteins1_muoff50_sigmaoff3_mun0_sigman3_r3_sigmapr3_sigmanr3_lowoffset0.6_error0.tsv
    wildcards: n_pools=10, iters=5, len_lst=100, pep_length=14, overlap=4, ep_length=8, n_proteins=1, mu_off=50, sigma_off=3, mu_n=0, sigma_n=3, r=3, sigma_p_r=3, sigma_n_r=3, low_offset=0.6, error=0
    resources: tmpdir=/var/folders/bb/6j1bt4dj4x15t9jtm7vlh6gh0000gp/T

[Thu Jan 30 16:05:09 2025]
Finished job 4.
3 of 6 steps (50%) done
Select jobs to execute...

[Thu Jan 30 16:05:09 2025]
rule evaluate_data:
    input: results/pooling_N10_I4_len100_peptide14_overlap4_ep_length8_nproteins1.tsv, results/simulation_N10_I4_len100_peptide14_overlap4_ep_length8_nproteins1_muoff50_sigmaoff3_mun0_sigman3_r3_sigmapr3_sigmanr3_lowoffset0.6_error0.tsv, results/simparams_N10_I4_len100_peptide14_overlap4_ep_length8_nproteins1_muoff50_sigmaoff3_mun0_sigman3_r3_sigmapr3_sigmanr3_lowoffset0.6_error0.tsv
    output: results/conclusion_N10_I4_len100_peptide14_overlap4_ep_length8_nproteins1_muoff50_sigmaoff3_mun0_sigman3_r3_sigmapr3_sigmanr3_lowoffset0.6_error0.tsv
    jobid: 1
    reason: Missing output files: results/conclusion_N10_I4_len100_peptide14_overlap4_ep_length8_nproteins1_muoff50_sigmaoff3_mun0_sigman3_r3_sigmapr3_sigmanr3_lowoffset0.6_error0.tsv; Input files updated by another job: results/simulation_N10_I4_len100_peptide14_overlap4_ep_length8_nproteins1_muoff50_sigmaoff3_mun0_sigman3_r3_sigmapr3_sigmanr3_lowoffset0.6_error0.tsv, results/simparams_N10_I4_len100_peptide14_overlap4_ep_length8_nproteins1_muoff50_sigmaoff3_mun0_sigman3_r3_sigmapr3_sigmanr3_lowoffset0.6_error0.tsv
    wildcards: n_pools=10, iters=4, len_lst=100, pep_length=14, overlap=4, ep_length=8, n_proteins=1, mu_off=50, sigma_off=3, mu_n=0, sigma_n=3, r=3, sigma_p_r=3, sigma_n_r=3, low_offset=0.6, error=0
    resources: tmpdir=/var/folders/bb/6j1bt4dj4x15t9jtm7vlh6gh0000gp/T

[Thu Jan 30 16:09:38 2025]
Finished job 1.
4 of 6 steps (67%) done
Select jobs to execute...

[Thu Jan 30 16:09:38 2025]
rule collect:
    input: results/conclusion_N10_I4_len100_peptide14_overlap4_ep_length8_nproteins1_muoff50_sigmaoff3_mun0_sigman3_r3_sigmapr3_sigmanr3_lowoffset0.6_error0.tsv, results/conclusion_N10_I5_len100_peptide14_overlap4_ep_length8_nproteins1_muoff50_sigmaoff3_mun0_sigman3_r3_sigmapr3_sigmanr3_lowoffset0.6_error0.tsv
    output: results/summary_results.tsv
    jobid: 7
    reason: Missing output files: results/summary_results.tsv; Input files updated by another job: results/conclusion_N10_I4_len100_peptide14_overlap4_ep_length8_nproteins1_muoff50_sigmaoff3_mun0_sigman3_r3_sigmapr3_sigmanr3_lowoffset0.6_error0.tsv, results/conclusion_N10_I5_len100_peptide14_overlap4_ep_length8_nproteins1_muoff50_sigmaoff3_mun0_sigman3_r3_sigmapr3_sigmanr3_lowoffset0.6_error0.tsv; Set of input files has changed since last execution
    resources: tmpdir=/var/folders/bb/6j1bt4dj4x15t9jtm7vlh6gh0000gp/T

[Thu Jan 30 16:09:39 2025]
Finished job 7.
5 of 6 steps (83%) done
Select jobs to execute...

[Thu Jan 30 16:09:39 2025]
localrule all:
    input: results/conclusion_N10_I4_len100_peptide14_overlap4_ep_length8_nproteins1_muoff50_sigmaoff3_mun0_sigman3_r3_sigmapr3_sigmanr3_lowoffset0.6_error0.tsv, results/conclusion_N10_I5_len100_peptide14_overlap4_ep_length8_nproteins1_muoff50_sigmaoff3_mun0_sigman3_r3_sigmapr3_sigmanr3_lowoffset0.6_error0.tsv, results/summary_results.tsv
    jobid: 0
    reason: Input files updated by another job: results/conclusion_N10_I4_len100_peptide14_overlap4_ep_length8_nproteins1_muoff50_sigmaoff3_mun0_sigman3_r3_sigmapr3_sigmanr3_lowoffset0.6_error0.tsv, results/summary_results.tsv, results/conclusion_N10_I5_len100_peptide14_overlap4_ep_length8_nproteins1_muoff50_sigmaoff3_mun0_sigman3_r3_sigmapr3_sigmanr3_lowoffset0.6_error0.tsv
    resources: tmpdir=/var/folders/bb/6j1bt4dj4x15t9jtm7vlh6gh0000gp/T

[Thu Jan 30 16:09:39 2025]
Finished job 0.
6 of 6 steps (100%) done
Complete log: .snakemake/log/2025-01-30T155419.160035.snakemake.log
