Building DAG of jobs...
Using shell: /bin/bash
Provided cores: 1 (use --cores to define parallelism)
Rules claiming more threads will be scaled down.
Job stats:
job              count
-------------  -------
all                  1
collect              1
evaluate_data        2
total                4

Select jobs to execute...

[Thu Jan 30 15:25:40 2025]
rule evaluate_data:
    input: results/pooling_N10_I5_len100_peptide14_overlap4_ep_length8_nproteins1.tsv, results/simulation_N10_I5_len100_peptide14_overlap4_ep_length8_nproteins1_muoff50_sigmaoff3_mun0_sigman1_r1_sigmapr3_sigmanr3_lowoffset0.8_error0.tsv, results/simparams_N10_I5_len100_peptide14_overlap4_ep_length8_nproteins1_muoff50_sigmaoff3_mun0_sigman1_r1_sigmapr3_sigmanr3_lowoffset0.8_error0.tsv
    output: results/conclusion_N10_I5_len100_peptide14_overlap4_ep_length8_nproteins1_muoff50_sigmaoff3_mun0_sigman1_r1_sigmapr3_sigmanr3_lowoffset0.8_error0.tsv
    jobid: 4
    reason: Missing output files: results/conclusion_N10_I5_len100_peptide14_overlap4_ep_length8_nproteins1_muoff50_sigmaoff3_mun0_sigman1_r1_sigmapr3_sigmanr3_lowoffset0.8_error0.tsv
    wildcards: n_pools=10, iters=5, len_lst=100, pep_length=14, overlap=4, ep_length=8, n_proteins=1, mu_off=50, sigma_off=3, mu_n=0, sigma_n=1, r=1, sigma_p_r=3, sigma_n_r=3, low_offset=0.8, error=0
    resources: tmpdir=/var/folders/bb/6j1bt4dj4x15t9jtm7vlh6gh0000gp/T

[Thu Jan 30 15:30:12 2025]
Finished job 4.
1 of 4 steps (25%) done
Select jobs to execute...

[Thu Jan 30 15:30:12 2025]
rule evaluate_data:
    input: results/pooling_N10_I4_len100_peptide14_overlap4_ep_length8_nproteins1.tsv, results/simulation_N10_I4_len100_peptide14_overlap4_ep_length8_nproteins1_muoff50_sigmaoff3_mun0_sigman1_r1_sigmapr3_sigmanr3_lowoffset0.8_error0.tsv, results/simparams_N10_I4_len100_peptide14_overlap4_ep_length8_nproteins1_muoff50_sigmaoff3_mun0_sigman1_r1_sigmapr3_sigmanr3_lowoffset0.8_error0.tsv
    output: results/conclusion_N10_I4_len100_peptide14_overlap4_ep_length8_nproteins1_muoff50_sigmaoff3_mun0_sigman1_r1_sigmapr3_sigmanr3_lowoffset0.8_error0.tsv
    jobid: 1
    reason: Missing output files: results/conclusion_N10_I4_len100_peptide14_overlap4_ep_length8_nproteins1_muoff50_sigmaoff3_mun0_sigman1_r1_sigmapr3_sigmanr3_lowoffset0.8_error0.tsv
    wildcards: n_pools=10, iters=4, len_lst=100, pep_length=14, overlap=4, ep_length=8, n_proteins=1, mu_off=50, sigma_off=3, mu_n=0, sigma_n=1, r=1, sigma_p_r=3, sigma_n_r=3, low_offset=0.8, error=0
    resources: tmpdir=/var/folders/bb/6j1bt4dj4x15t9jtm7vlh6gh0000gp/T

[Thu Jan 30 15:34:44 2025]
Finished job 1.
2 of 4 steps (50%) done
Select jobs to execute...

[Thu Jan 30 15:34:44 2025]
rule collect:
    input: results/conclusion_N10_I4_len100_peptide14_overlap4_ep_length8_nproteins1_muoff50_sigmaoff3_mun0_sigman1_r1_sigmapr3_sigmanr3_lowoffset0.8_error0.tsv, results/conclusion_N10_I5_len100_peptide14_overlap4_ep_length8_nproteins1_muoff50_sigmaoff3_mun0_sigman1_r1_sigmapr3_sigmanr3_lowoffset0.8_error0.tsv
    output: results/summary_results.tsv
    jobid: 7
    reason: Missing output files: results/summary_results.tsv; Input files updated by another job: results/conclusion_N10_I4_len100_peptide14_overlap4_ep_length8_nproteins1_muoff50_sigmaoff3_mun0_sigman1_r1_sigmapr3_sigmanr3_lowoffset0.8_error0.tsv, results/conclusion_N10_I5_len100_peptide14_overlap4_ep_length8_nproteins1_muoff50_sigmaoff3_mun0_sigman1_r1_sigmapr3_sigmanr3_lowoffset0.8_error0.tsv
    resources: tmpdir=/var/folders/bb/6j1bt4dj4x15t9jtm7vlh6gh0000gp/T

[Thu Jan 30 15:34:45 2025]
Finished job 7.
3 of 4 steps (75%) done
Select jobs to execute...

[Thu Jan 30 15:34:45 2025]
localrule all:
    input: results/conclusion_N10_I4_len100_peptide14_overlap4_ep_length8_nproteins1_muoff50_sigmaoff3_mun0_sigman1_r1_sigmapr3_sigmanr3_lowoffset0.8_error0.tsv, results/conclusion_N10_I5_len100_peptide14_overlap4_ep_length8_nproteins1_muoff50_sigmaoff3_mun0_sigman1_r1_sigmapr3_sigmanr3_lowoffset0.8_error0.tsv, results/summary_results.tsv
    jobid: 0
    reason: Input files updated by another job: results/summary_results.tsv, results/conclusion_N10_I4_len100_peptide14_overlap4_ep_length8_nproteins1_muoff50_sigmaoff3_mun0_sigman1_r1_sigmapr3_sigmanr3_lowoffset0.8_error0.tsv, results/conclusion_N10_I5_len100_peptide14_overlap4_ep_length8_nproteins1_muoff50_sigmaoff3_mun0_sigman1_r1_sigmapr3_sigmanr3_lowoffset0.8_error0.tsv
    resources: tmpdir=/var/folders/bb/6j1bt4dj4x15t9jtm7vlh6gh0000gp/T

[Thu Jan 30 15:34:45 2025]
Finished job 0.
4 of 4 steps (100%) done
Complete log: .snakemake/log/2025-01-30T152404.766235.snakemake.log
